#
# A fatal error has been detected by the Java Runtime Environment:
#
#  EXCEPTION_ACCESS_VIOLATION (0xc0000005) at pc=0x00007ffa7fcff7cb, pid=15380, tid=5420
#
# JRE version: Java(TM) SE Runtime Environment (15.0.1+9) (build 15.0.1+9-18)
# Java VM: Java HotSpot(TM) 64-Bit Server VM (15.0.1+9-18, mixed mode, sharing, tiered, compressed oops, g1 gc, windows-amd64)
# Problematic frame:
# V  [jvm.dll+0x2cf7cb]
#
# No core dump will be written. Minidumps are not enabled by default on client versions of Windows
#
# If you would like to submit a bug report, please visit:
#   https://bugreport.java.com/bugreport/crash.jsp
#

---------------  S U M M A R Y ------------

Command Line: -agentlib:jdwp=transport=dt_socket,address=127.0.0.1:62983,suspend=y,server=n -XX:TieredStopAtLevel=1 -Xverify:none -Dspring.output.ansi.enabled=always -Dcom.sun.management.jmxremote -Dspring.jmx.enabled=true -Dspring.liveBeansView.mbeanDomain -Dspring.application.admin.enabled=true -javaagent:C:\Users\mojtaba\AppData\Local\JetBrains\IntelliJIdea2020.1\captureAgent\debugger-agent.jar -Dfile.encoding=UTF-8 com.udacity.jwdnd.course1.cloudstorage.CloudStorageApplication

Host: Intel(R) Core(TM) i7-2630QM CPU @ 2.00GHz, 8 cores, 11G,  Windows 10 , 64 bit Build 18362 (10.0.18362.1110)
Time: Fri Dec 25 20:52:23 2020 Pacific Standard Time elapsed time: 4.346642 seconds (0d 0h 0m 4s)

---------------  T H R E A D  ---------------

Current thread (0x0000020f4263fb40):  GCTaskThread "GC Thread#4" [stack: 0x0000007b54500000,0x0000007b54600000] [id=5420]

Stack: [0x0000007b54500000,0x0000007b54600000],  sp=0x0000007b545ff390,  free space=1020k
Native frames: (J=compiled Java code, j=interpreted, Vv=VM code, C=native code)
V  [jvm.dll+0x2cf7cb]
V  [jvm.dll+0x2cf24e]
V  [jvm.dll+0x2dd037]
V  [jvm.dll+0x2ded57]
V  [jvm.dll+0x2dd54d]
V  [jvm.dll+0x2de8f1]
V  [jvm.dll+0x2aad88]
V  [jvm.dll+0x2accfd]
V  [jvm.dll+0x7adba0]
V  [jvm.dll+0x73d65a]
V  [jvm.dll+0x629c56]
C  [ucrtbase.dll+0x210b2]
C  [KERNEL32.DLL+0x17c24]
C  [ntdll.dll+0x6d4d1]


siginfo: EXCEPTION_ACCESS_VIOLATION (0xc0000005), reading address 0x0000000100000000


Register to memory mapping:

RIP=0x00007ffa7fcff7cb jvm.dll
RAX=0x0000020f2071d07c points into unknown readable memory: 00 00 00 00
RBX=
[error occurred during error reporting (printing register info), id 0xc0000005, EXCEPTION_ACCESS_VIOLATION (0xc0000005) at pc=0x00007ffa7fccd3e3]

Registers:
RAX=0x0000020f2071d07c, RBX=0x0000000742c4601d, RCX=0x0000000000000000, RDX=0x0000000000000800
RSP=0x0000007b545ff390, RBP=0x0000020f436be1d0, RSI=0x0000000000006ef0, RDI=0x0000000742c4601c
R8 =0x0000000742c45fa8, R9 =0x0000000100000000, R10=0x0000000100000000, R11=0x0000000742c2a4a0
R12=0x0000000000000040, R13=0x0000000000000000, R14=0x0000020f206fc170, R15=0x0000000000000465
RIP=0x00007ffa7fcff7cb, EFLAGS=0x0000000000010246

Top of Stack: (sp=0x0000007b545ff390)
0x0000007b545ff390:   00000007427d2dea 0000020f436be1d0
0x0000007b545ff3a0:   0000000000006ef0 0000000742c2a4a0
0x0000007b545ff3b0:   0000000000000000 00007ffa80054a3f
0x0000007b545ff3c0:   0000007b545ff440 0000000000000000
0x0000007b545ff3d0:   0000020f206f1400 0000007b545ff650
0x0000007b545ff3e0:   0000020f38238600 0000000000000002
0x0000007b545ff3f0:   0000020f206fa250 0000007b545ff650
0x0000007b545ff400:   0000000000000000 00000007414df200
0x0000007b545ff410:   0000020f436be1d0 00007ffa7fcff24e
0x0000007b545ff420:   0000000000000000 0000020f00000000
0x0000007b545ff430:   0000000000000002 0000020f206fa250
0x0000007b545ff440:   000000000295b808 0000000200fb477a
0x0000007b545ff450:   0000007b545ff650 00000007414df200
0x0000007b545ff460:   0000000000000080 00007ffa7fd0d037
0x0000007b545ff470:   00000007414df600 0000007b545ff490
0x0000007b545ff480:   0000007b545ff4a0 0000020f20726ff0 

Instructions: (pc=0x00007ffa7fcff7cb)
0x00007ffa7fcff6cb:   00 00 00 00 00 48 8b 5d 10 44 8b bb 80 00 00 00
0x00007ffa7fcff6db:   4c 8d b3 00 01 00 00 41 8b 06 41 8b cf 2b c8 81
0x00007ffa7fcff6eb:   e1 ff ff 01 00 41 3b cc 0f 86 d2 03 00 00 41 ff
0x00007ffa7fcff6fb:   cf 41 81 e7 ff ff 01 00 44 89 bb 80 00 00 00 e8
0x00007ffa7fcff70b:   e1 d0 34 00 41 8b 06 41 8b cf 48 8b 9b 80 01 00
0x00007ffa7fcff71b:   00 2b c8 81 e1 ff ff 01 00 81 f9 ff ff 01 00 4a
0x00007ffa7fcff72b:   8b 1c fb 41 0f 44 cd 85 c9 75 46 49 8b 06 48 8b
0x00007ffa7fcff73b:   f8 48 89 44 24 28 48 c1 e8 20 ff c0 44 89 7c 24
0x00007ffa7fcff74b:   20 89 44 24 24 48 8b 74 24 20 44 3b ff 0f 85 67
0x00007ffa7fcff75b:   03 00 00 48 8b 05 33 5c 74 00 4c 8b c7 49 8b d6
0x00007ffa7fcff76b:   48 8b ce ff d0 48 3b c7 0f 85 4c 03 00 00 41 8b
0x00007ffa7fcff77b:   06 f6 c3 01 0f 84 45 01 00 00 8b 0d 85 c2 72 00
0x00007ffa7fcff78b:   48 8d 7b ff 48 8b 45 08 44 8b 17 49 d3 e2 4c 03
0x00007ffa7fcff79b:   15 68 c2 72 00 8b 88 48 04 00 00 49 8b d2 48 8b
0x00007ffa7fcff7ab:   80 38 04 00 00 48 d3 ea 0f b7 0c 50 66 89 8c 24
0x00007ffa7fcff7bb:   98 00 00 00 66 c1 e9 08 84 c9 0f 88 05 ff ff ff
0x00007ffa7fcff7cb:   4d 8b 02 41 0f b6 c0 24 03 3c 03 75 1e 44 38 2d
0x00007ffa7fcff7db:   63 38 7b 00 74 0f 41 0f b6 c0 24 07 3c 05 75 05
0x00007ffa7fcff7eb:   4d 8b c5 eb 1f 49 83 e0 fc eb 19 0f b7 94 24 98
0x00007ffa7fcff7fb:   00 00 00 4d 8b c8 4d 8b c2 48 8b cd e8 74 1d 00
0x00007ffa7fcff80b:   00 4c 8b c0 8b 0d fb c1 72 00 49 8b d0 48 2b 15
0x00007ffa7fcff81b:   e9 c1 72 00 48 d3 ea 89 17 49 8b d0 8b 0d b3 41
0x00007ffa7fcff82b:   7b 00 48 33 d7 48 d3 ea 48 85 d2 0f 84 94 fe ff
0x00007ffa7fcff83b:   ff 48 8b 45 08 48 8b d7 48 8b 80 00 01 00 00 8b
0x00007ffa7fcff84b:   48 68 48 8b 40 58 48 d3 ea 48 8b 0c d0 8b 81 cc
0x00007ffa7fcff85b:   00 00 00 d1 e8 a8 01 0f 85 68 fe ff ff 48 8b 45
0x00007ffa7fcff86b:   08 8b 88 48 04 00 00 48 8b 80 38 04 00 00 49 d3
0x00007ffa7fcff87b:   e8 46 38 2c 40 0f 84 4a fe ff ff 48 8b 85 80 00
0x00007ffa7fcff88b:   00 00 48 c1 ef 09 48 8b 58 48 48 8b 50 40 48 03
0x00007ffa7fcff89b:   df 48 2b da 48 39 9d d0 01 00 00 0f 84 24 fe ff
0x00007ffa7fcff8ab:   ff 44 38 6d 28 48 8d 4d 18 74 08 48 03 d3 e8 a2
0x00007ffa7fcff8bb:   e9 39 00 48 89 9d d0 01 00 00 e9 06 fe ff ff f6 


Stack slot to memory mapping:
stack at sp + 0 slots: 0x00000007427d2dea is pointing into object: [Ljava.util.HashMap$Node; 
{0x00000007427d2de8} - klass: 'java/util/HashMap$Node'[]
 - length: 32768
stack at sp + 1 slots: 0x0000020f436be1d0 points into unknown readable memory: 0x00007ffa802ba628 | 28 a6 2b 80 fa 7f 00 00
stack at sp + 2 slots: 0x0000000000006ef0 is an unknown value
stack at sp + 3 slots: 0x0000000742c2a4a0 is an oop: [Ljava.util.HashMap$Node; 
{0x0000000742c2a4a0} - klass: 'java/util/HashMap$Node'[]
 - length: 32768
stack at sp + 4 slots: 0x0 is NULL
stack at sp + 5 slots: 0x00007ffa80054a3f jvm.dll
stack at sp + 6 slots: 0x0000007b545ff440 points into unknown readable memory: 0x000000000295b808 | 08 b8 95 02 00 00 00 00
stack at sp + 7 slots: 0x0 is NULL


---------------  P R O C E S S  ---------------

Threads class SMR info:
_java_thread_list=0x0000020f442eb650, length=25, elements={
0x0000020f206e2020, 0x0000020f418791d0, 0x0000020f41879cb0, 0x0000020f41882f80,
0x0000020f4188f270, 0x0000020f41891850, 0x0000020f41895710, 0x0000020f41897120,
0x0000020f42284340, 0x0000020f422bca10, 0x0000020f422d9550, 0x0000020f422dbb50,
0x0000020f425c4560, 0x0000020f427b7980, 0x0000020f42ba1eb0, 0x0000020f42bd0860,
0x0000020f42c50e20, 0x0000020f42cb9940, 0x0000020f43a6e840, 0x0000020f43a743b0,
0x0000020f43a6fb80, 0x0000020f43a70050, 0x0000020f43a70520, 0x0000020f43a709f0,
0x0000020f43a70ec0
}

Java Threads: ( => current thread )
  0x0000020f206e2020 JavaThread "main" [_thread_blocked, id=16296, stack(0x0000007b52800000,0x0000007b52900000)]
  0x0000020f418791d0 JavaThread "Reference Handler" daemon [_thread_blocked, id=664, stack(0x0000007b52f00000,0x0000007b53000000)]
  0x0000020f41879cb0 JavaThread "Finalizer" daemon [_thread_blocked, id=12708, stack(0x0000007b53000000,0x0000007b53100000)]
  0x0000020f41882f80 JavaThread "Signal Dispatcher" daemon [_thread_blocked, id=5368, stack(0x0000007b53100000,0x0000007b53200000)]
  0x0000020f4188f270 JavaThread "Attach Listener" daemon [_thread_blocked, id=11132, stack(0x0000007b53200000,0x0000007b53300000)]
  0x0000020f41891850 JavaThread "Service Thread" daemon [_thread_blocked, id=13420, stack(0x0000007b53300000,0x0000007b53400000)]
  0x0000020f41895710 JavaThread "C1 CompilerThread0" daemon [_thread_blocked, id=8500, stack(0x0000007b53400000,0x0000007b53500000)]
  0x0000020f41897120 JavaThread "Sweeper thread" daemon [_thread_blocked, id=4144, stack(0x0000007b53500000,0x0000007b53600000)]
  0x0000020f42284340 JavaThread "Common-Cleaner" daemon [_thread_blocked, id=15720, stack(0x0000007b53600000,0x0000007b53700000)]
  0x0000020f422bca10 JavaThread "JDWP Transport Listener: dt_socket" daemon [_thread_blocked, id=7224, stack(0x0000007b53700000,0x0000007b53800000)]
  0x0000020f422d9550 JavaThread "JDWP Event Helper Thread" daemon [_thread_blocked, id=12724, stack(0x0000007b53800000,0x0000007b53900000)]
  0x0000020f422dbb50 JavaThread "JDWP Command Reader" daemon [_thread_in_native, id=10644, stack(0x0000007b53900000,0x0000007b53a00000)]
  0x0000020f425c4560 JavaThread "Notification Thread" daemon [_thread_blocked, id=13336, stack(0x0000007b53a00000,0x0000007b53b00000)]
  0x0000020f427b7980 JavaThread "RMI TCP Accept-0" daemon [_thread_in_native, id=7860, stack(0x0000007b53b00000,0x0000007b53c00000)]
  0x0000020f42ba1eb0 JavaThread "Thread-0" [_thread_blocked, id=11392, stack(0x0000007b54000000,0x0000007b54100000)]
  0x0000020f42bd0860 JavaThread "restartedMain" [_thread_blocked, id=16020, stack(0x0000007b54100000,0x0000007b54200000)]
  0x0000020f42c50e20 JavaThread "RMI TCP Connection(2)-192.168.56.1" daemon [_thread_in_native, id=13208, stack(0x0000007b54300000,0x0000007b54400000)]
  0x0000020f42cb9940 JavaThread "RMI Scheduler(0)" daemon [_thread_blocked, id=7824, stack(0x0000007b54400000,0x0000007b54500000)]
  0x0000020f43a6e840 JavaThread "mysql-cj-abandoned-connection-cleanup" daemon [_thread_blocked, id=13900, stack(0x0000007b54900000,0x0000007b54a00000)]
  0x0000020f43a743b0 JavaThread "HikariPool-1 housekeeper" daemon [_thread_blocked, id=9836, stack(0x0000007b54b00000,0x0000007b54c00000)]
  0x0000020f43a6fb80 JavaThread "RMI TCP Connection(3)-192.168.56.1" daemon [_thread_blocked, id=10492, stack(0x0000007b54c00000,0x0000007b54d00000)]
  0x0000020f43a70050 JavaThread "Catalina-utility-1" [_thread_blocked, id=15644, stack(0x0000007b54d00000,0x0000007b54e00000)]
  0x0000020f43a70520 JavaThread "Catalina-utility-2" [_thread_blocked, id=4148, stack(0x0000007b54e00000,0x0000007b54f00000)]
  0x0000020f43a709f0 JavaThread "container-0" [_thread_blocked, id=10520, stack(0x0000007b54f00000,0x0000007b55000000)]
  0x0000020f43a70ec0 JavaThread "HikariPool-1 connection adder" daemon [_thread_blocked, id=13680, stack(0x0000007b55000000,0x0000007b55100000)]

Other Threads:
  0x0000020f4186d5f0 VMThread "VM Thread" [stack: 0x0000007b52e00000,0x0000007b52f00000] [id=2924]
  0x0000020f206e3060 WatcherThread [stack: 0x0000007b53c00000,0x0000007b53d00000] [id=10760]
  0x0000020f20725730 GCTaskThread "GC Thread#0" [stack: 0x0000007b52900000,0x0000007b52a00000] [id=4976]
  0x0000020f42642180 GCTaskThread "GC Thread#1" [stack: 0x0000007b53d00000,0x0000007b53e00000] [id=12220]
  0x0000020f426417f0 GCTaskThread "GC Thread#2" [stack: 0x0000007b53e00000,0x0000007b53f00000] [id=7836]
  0x0000020f4263f4e0 GCTaskThread "GC Thread#3" [stack: 0x0000007b53f00000,0x0000007b54000000] [id=3648]
=>0x0000020f4263fb40 GCTaskThread "GC Thread#4" [stack: 0x0000007b54500000,0x0000007b54600000] [id=5420]
  0x0000020f4263e820 GCTaskThread "GC Thread#5" [stack: 0x0000007b54600000,0x0000007b54700000] [id=13460]
  0x0000020f4263ee80 GCTaskThread "GC Thread#6" [stack: 0x0000007b54700000,0x0000007b54800000] [id=1776]
  0x0000020f4263fe70 GCTaskThread "GC Thread#7" [stack: 0x0000007b54800000,0x0000007b54900000] [id=14216]
  0x0000020f207339d0 ConcurrentGCThread "G1 Main Marker" [stack: 0x0000007b52a00000,0x0000007b52b00000] [id=14140]
  0x0000020f20734de0 ConcurrentGCThread "G1 Conc#0" [stack: 0x0000007b52b00000,0x0000007b52c00000] [id=16000]
  0x0000020f42640800 ConcurrentGCThread "G1 Conc#1" [stack: 0x0000007b54200000,0x0000007b54300000] [id=8592]
  0x0000020f417024c0 ConcurrentGCThread "G1 Refine#0" [stack: 0x0000007b52c00000,0x0000007b52d00000] [id=6000]
  0x0000020f20784070 ConcurrentGCThread "G1 Young RemSet Sampling" [stack: 0x0000007b52d00000,0x0000007b52e00000] [id=14248]

Threads with active compile tasks:

VM state: at safepoint (normal execution)

VM Mutex/Monitor currently owned by a thread:  ([mutex/lock_event])
[0x0000020f206df1c0] Threads_lock - owner thread: 0x0000020f4186d5f0
[0x0000020f206de050] Heap_lock - owner thread: 0x0000020f42bd0860

Heap address: 0x0000000740400000, size: 3068 MB, Compressed Oops mode: Zero based, Oop shift amount: 3
CDS archive(s) mapped at: [0x0000000800000000-0x0000000800b50000-0x0000000800b50000), size 11862016, SharedBaseAddress: 0x0000000800000000, ArchiveRelocationMode: 0.
Compressed class space mapped at: 0x0000000800b50000-0x0000000840b50000, size: 1073741824
Narrow klass base: 0x0000000800000000, Narrow klass shift: 3, Narrow klass range: 0x100000000

GC Precious Log:
 CPUs: 8 total, 8 available
 Memory: 12265M
 Large Page Support: Disabled
 NUMA Support: Disabled
 Compressed Oops: Enabled (Zero based)
 Heap Region Size: 2M
 Heap Min Capacity: 8M
 Heap Initial Capacity: 192M
 Heap Max Capacity: 3068M
 Pre-touch: Disabled
 Parallel Workers: 8
 Concurrent Workers: 2
 Concurrent Refinement Workers: 8
 Periodic GC: Disabled

Heap:
 garbage-first heap   total 59392K, used 35046K [0x0000000740400000, 0x0000000800000000)
  region size 2048K, 9 young (18432K), 2 survivors (4096K)
 Metaspace       used 35379K, capacity 35869K, committed 35888K, reserved 1081344K
  class space    used 4555K, capacity 4735K, committed 4736K, reserved 1048576K

Heap Regions: E=young(eden), S=young(survivor), O=old, HS=humongous(starts), HC=humongous(continues), CS=collection set, F=free, OA=open archive, CA=closed archive, TAMS=top-at-mark-start (previous, next)
|   0|0x0000000740400000, 0x0000000740600000, 0x0000000740600000|100%| O|  |TAMS 0x0000000740600000, 0x0000000740600000| Untracked 
|   1|0x0000000740600000, 0x0000000740800000, 0x0000000740800000|100%| O|  |TAMS 0x0000000740800000, 0x0000000740800000| Untracked 
|   2|0x0000000740800000, 0x000000074093aa00, 0x0000000740a00000| 61%| O|  |TAMS 0x000000074093aa00, 0x000000074093aa00| Untracked 
|   3|0x0000000740a00000, 0x0000000740c00000, 0x0000000740c00000|100%| O|  |TAMS 0x0000000740a00000, 0x0000000740c00000| Untracked 
|   4|0x0000000740c00000, 0x0000000740e00000, 0x0000000740e00000|100%| O|  |TAMS 0x0000000740c00000, 0x0000000740e00000| Untracked 
|   5|0x0000000740e00000, 0x0000000741000000, 0x0000000741000000|100%| O|  |TAMS 0x0000000740e00000, 0x0000000741000000| Untracked 
|   6|0x0000000741000000, 0x0000000741200000, 0x0000000741200000|100%| O|  |TAMS 0x0000000741000000, 0x0000000741200000| Untracked 
|   7|0x0000000741200000, 0x0000000741400000, 0x0000000741400000|100%| O|  |TAMS 0x0000000741200000, 0x0000000741400000| Untracked 
|   8|0x0000000741400000, 0x0000000741600000, 0x0000000741600000|100%| O|  |TAMS 0x0000000741400000, 0x0000000741596e00| Untracked 
|   9|0x0000000741600000, 0x0000000741772560, 0x0000000741800000| 72%| O|  |TAMS 0x0000000741600000, 0x0000000741600000| Untracked 
|  10|0x0000000741800000, 0x0000000741800000, 0x0000000741a00000|  0%| F|  |TAMS 0x0000000741800000, 0x0000000741800000| Untracked 
|  11|0x0000000741a00000, 0x0000000741a00000, 0x0000000741c00000|  0%| F|  |TAMS 0x0000000741a00000, 0x0000000741a00000| Untracked 
|  12|0x0000000741c00000, 0x0000000741c00000, 0x0000000741e00000|  0%| F|  |TAMS 0x0000000741c00000, 0x0000000741c00000| Untracked 
|  13|0x0000000741e00000, 0x0000000741e00000, 0x0000000742000000|  0%| F|  |TAMS 0x0000000741e00000, 0x0000000741e00000| Untracked 
|  14|0x0000000742000000, 0x000000074219ff50, 0x0000000742200000| 81%| E|CS|TAMS 0x0000000742000000, 0x000000074219ff50| Complete 
|  15|0x0000000742200000, 0x0000000742200000, 0x0000000742400000|  0%| F|  |TAMS 0x0000000742200000, 0x0000000742200000| Untracked 
|  16|0x0000000742400000, 0x0000000742400000, 0x0000000742600000|  0%| F|  |TAMS 0x0000000742400000, 0x0000000742400000| Untracked 
|  17|0x0000000742600000, 0x0000000742800000, 0x0000000742800000|100%| E|CS|TAMS 0x0000000742600000, 0x0000000742800000| Complete 
|  18|0x0000000742800000, 0x0000000742800000, 0x0000000742a00000|  0%| F|  |TAMS 0x0000000742800000, 0x0000000742800000| Untracked 
|  19|0x0000000742a00000, 0x0000000742a00000, 0x0000000742c00000|  0%| F|  |TAMS 0x0000000742a00000, 0x0000000742a00000| Untracked 
|  20|0x0000000742c00000, 0x0000000742d66fe0, 0x0000000742e00000| 70%| S|  |TAMS 0x0000000742c00000, 0x0000000742c00000| Complete 
|  21|0x0000000742e00000, 0x0000000743000000, 0x0000000743000000|100%| S|  |TAMS 0x0000000742e00000, 0x0000000742e00000| Complete 
|  22|0x0000000743000000, 0x00000007431c8468, 0x0000000743200000| 89%| E|CS|TAMS 0x0000000743000000, 0x00000007431c8468| Complete 
|  23|0x0000000743200000, 0x0000000743400000, 0x0000000743400000|100%| E|CS|TAMS 0x0000000743200000, 0x0000000743400000| Complete 
|  24|0x0000000743400000, 0x0000000743600000, 0x0000000743600000|100%| E|CS|TAMS 0x0000000743400000, 0x0000000743600000| Complete 
|  51|0x0000000746a00000, 0x0000000746c00000, 0x0000000746c00000|100%| E|CS|TAMS 0x0000000746a00000, 0x0000000746c00000| Complete 
|  52|0x0000000746c00000, 0x0000000746e00000, 0x0000000746e00000|100%| E|CS|TAMS 0x0000000746c00000, 0x0000000746e00000| Complete 
|  53|0x0000000746e00000, 0x0000000747000000, 0x0000000747000000|100%| E|CS|TAMS 0x0000000746e00000, 0x0000000747000000| Complete 
|  95|0x000000074c200000, 0x000000074c400000, 0x000000074c400000|100%| E|CS|TAMS 0x000000074c200000, 0x000000074c400000| Complete 

Card table byte_map: [0x0000020f38230000,0x0000020f38830000] _byte_map_base: 0x0000020f3482e000

Marking Bits (Prev, Next): (CMBitMap*) 0x0000020f20726ff0, (CMBitMap*) 0x0000020f20726fb0
 Prev Bits: [0x0000020f3be20000, 0x0000020f3ee10000)
 Next Bits: [0x0000020f38e30000, 0x0000020f3be20000)

Polling page: 0x0000020f1e4b0000

Metaspace:

Usage:
  Non-class:     30.40 MB capacity,    30.10 MB (>99%) used,   254.16 KB ( <1%) free+waste,    55.69 KB ( <1%) overhead. 
      Class:      4.62 MB capacity,     4.45 MB ( 96%) used,   156.63 KB (  3%) free+waste,    23.00 KB ( <1%) overhead. 
       Both:     35.03 MB capacity,    34.55 MB ( 99%) used,   410.78 KB (  1%) free+waste,    78.69 KB ( <1%) overhead. 

Virtual space:
  Non-class space:       32.00 MB reserved,      30.42 MB ( 95%) committed 
      Class space:        1.00 GB reserved,       4.63 MB ( <1%) committed 
             Both:        1.03 GB reserved,      35.05 MB (  3%) committed 

Chunk freelists:
   Non-Class:  18.00 KB
       Class:  1.00 KB
        Both:  19.00 KB

MaxMetaspaceSize: 17179869184.00 GB
CompressedClassSpaceSize: 1.00 GB

CodeHeap 'non-profiled nmethods': size=238336Kb used=7313Kb max_used=7313Kb free=231022Kb
 bounds [0x0000020f29040000, 0x0000020f29770000, 0x0000020f37900000]
CodeHeap 'non-nmethods': size=7424Kb used=1356Kb max_used=1356Kb free=6067Kb
 bounds [0x0000020f28900000, 0x0000020f28b70000, 0x0000020f29040000]
 total_blobs=4968 nmethods=4412 adapters=483
 compilation: enabled
              stopped_count=0, restarted_count=0
 full_count=0

Compilation events (20 events):
Event: 4.319 Thread 0x0000020f41895710 4402       1       org.springframework.dao.annotation.PersistenceExceptionTranslationAdvisor::getPointcut (5 bytes)
Event: 4.319 Thread 0x0000020f41895710 nmethod 4402 0x0000020f29760110 code [0x0000020f297602a0, 0x0000020f29760358]
Event: 4.321 Thread 0x0000020f41895710 4404       1       org.springframework.transaction.interceptor.BeanFactoryTransactionAttributeSourceAdvisor::getPointcut (5 bytes)
Event: 4.321 Thread 0x0000020f41895710 nmethod 4404 0x0000020f29760410 code [0x0000020f297605a0, 0x0000020f29760658]
Event: 4.321 Thread 0x0000020f41895710 4405       1       org.springframework.aop.support.StaticMethodMatcherPointcut::getClassFilter (5 bytes)
Event: 4.321 Thread 0x0000020f41895710 nmethod 4405 0x0000020f29760710 code [0x0000020f297608a0, 0x0000020f29760958]
Event: 4.322 Thread 0x0000020f41895710 4407       1       org.springframework.context.annotation.CommonAnnotationBeanPostProcessor::buildResourceMetadata (89 bytes)
Event: 4.323 Thread 0x0000020f41895710 nmethod 4407 0x0000020f29760a10 code [0x0000020f29760c40, 0x0000020f29761428]
Event: 4.323 Thread 0x0000020f41895710 4406   !   1       org.springframework.context.annotation.CommonAnnotationBeanPostProcessor::findResourceMetadata (124 bytes)
Event: 4.324 Thread 0x0000020f41895710 nmethod 4406 0x0000020f29761890 code [0x0000020f29761a80, 0x0000020f29762018]
Event: 4.324 Thread 0x0000020f41895710 4408   !   1       org.springframework.beans.factory.annotation.AutowiredAnnotationBeanPostProcessor::findAutowiringMetadata (124 bytes)
Event: 4.324 Thread 0x0000020f41895710 nmethod 4408 0x0000020f29762410 code [0x0000020f29762600, 0x0000020f29762b98]
Event: 4.327 Thread 0x0000020f41895710 4409       1       org.springframework.beans.factory.support.AbstractBeanFactory::getType (7 bytes)
Event: 4.327 Thread 0x0000020f41895710 nmethod 4409 0x0000020f29762f90 code [0x0000020f29763120, 0x0000020f29763208]
Event: 4.328 Thread 0x0000020f41895710 4410       1       org.springframework.core.annotation.AbstractMergedAnnotation::synthesize (24 bytes)
Event: 4.328 Thread 0x0000020f41895710 nmethod 4410 0x0000020f29763290 code [0x0000020f29763460, 0x0000020f29763728]
Event: 4.329 Thread 0x0000020f41895710 4411   !   1       com.sun.proxy.$Proxy41::annotationType (29 bytes)
Event: 4.329 Thread 0x0000020f41895710 nmethod 4411 0x0000020f29763890 code [0x0000020f29763a60, 0x0000020f29763c78]
Event: 4.331 Thread 0x0000020f41895710 4412       1       org.springframework.aop.framework.autoproxy.AbstractAutoProxyCreator::getCacheKey (42 bytes)
Event: 4.332 Thread 0x0000020f41895710 nmethod 4412 0x0000020f29763e10 code [0x0000020f29764000, 0x0000020f297643f8]

GC Heap History (17 events):
Event: 1.009 GC heap before
{Heap before GC invocations=0 (full 0):
 garbage-first heap   total 196608K, used 22528K [0x0000000740400000, 0x0000000800000000)
  region size 2048K, 11 young (22528K), 0 survivors (0K)
 Metaspace       used 6338K, capacity 6454K, committed 6784K, reserved 1056768K
  class space    used 750K, capacity 806K, committed 896K, reserved 1048576K
}
Event: 1.016 GC heap after
{Heap after GC invocations=1 (full 0):
 garbage-first heap   total 196608K, used 5324K [0x0000000740400000, 0x0000000800000000)
  region size 2048K, 2 young (4096K), 2 survivors (4096K)
 Metaspace       used 6338K, capacity 6454K, committed 6784K, reserved 1056768K
  class space    used 750K, capacity 806K, committed 896K, reserved 1048576K
}
Event: 1.362 GC heap before
{Heap before GC invocations=1 (full 0):
 garbage-first heap   total 196608K, used 27852K [0x0000000740400000, 0x0000000800000000)
  region size 2048K, 14 young (28672K), 2 survivors (4096K)
 Metaspace       used 10740K, capacity 10978K, committed 11264K, reserved 1058816K
  class space    used 1336K, capacity 1417K, committed 1536K, reserved 1048576K
}
Event: 1.370 GC heap after
{Heap after GC invocations=2 (full 0):
 garbage-first heap   total 196608K, used 7088K [0x0000000740400000, 0x0000000800000000)
  region size 2048K, 1 young (2048K), 1 survivors (2048K)
 Metaspace       used 10740K, capacity 10978K, committed 11264K, reserved 1058816K
  class space    used 1336K, capacity 1417K, committed 1536K, reserved 1048576K
}
Event: 2.619 GC heap before
{Heap before GC invocations=2 (full 0):
 garbage-first heap   total 196608K, used 89008K [0x0000000740400000, 0x0000000800000000)
  region size 2048K, 42 young (86016K), 1 survivors (2048K)
 Metaspace       used 20775K, capacity 21217K, committed 21296K, reserved 1067008K
  class space    used 2761K, capacity 2916K, committed 2944K, reserved 1048576K
}
Event: 2.626 GC heap after
{Heap after GC invocations=3 (full 0):
 garbage-first heap   total 196608K, used 10666K [0x0000000740400000, 0x0000000800000000)
  region size 2048K, 3 young (6144K), 3 survivors (6144K)
 Metaspace       used 20775K, capacity 21217K, committed 21296K, reserved 1067008K
  class space    used 2761K, capacity 2916K, committed 2944K, reserved 1048576K
}
Event: 3.065 GC heap before
{Heap before GC invocations=4 (full 0):
 garbage-first heap   total 49152K, used 31146K [0x0000000740400000, 0x0000000800000000)
  region size 2048K, 14 young (28672K), 3 survivors (6144K)
 Metaspace       used 24265K, capacity 24760K, committed 24880K, reserved 1071104K
  class space    used 3224K, capacity 3383K, committed 3456K, reserved 1048576K
}
Event: 3.074 GC heap after
{Heap after GC invocations=5 (full 0):
 garbage-first heap   total 49152K, used 12900K [0x0000000740400000, 0x0000000800000000)
  region size 2048K, 2 young (4096K), 2 survivors (4096K)
 Metaspace       used 24265K, capacity 24760K, committed 24880K, reserved 1071104K
  class space    used 3224K, capacity 3383K, committed 3456K, reserved 1048576K
}
Event: 3.265 GC heap before
{Heap before GC invocations=5 (full 0):
 garbage-first heap   total 49152K, used 29284K [0x0000000740400000, 0x0000000800000000)
  region size 2048K, 10 young (20480K), 2 survivors (4096K)
 Metaspace       used 25831K, capacity 26240K, committed 26288K, reserved 1073152K
  class space    used 3387K, capacity 3579K, committed 3584K, reserved 1048576K
}
Event: 3.271 GC heap after
{Heap after GC invocations=6 (full 0):
 garbage-first heap   total 59392K, used 13606K [0x0000000740400000, 0x0000000800000000)
  region size 2048K, 1 young (2048K), 1 survivors (2048K)
 Metaspace       used 25831K, capacity 26240K, committed 26288K, reserved 1073152K
  class space    used 3387K, capacity 3579K, committed 3584K, reserved 1048576K
}
Event: 3.785 GC heap before
{Heap before GC invocations=6 (full 0):
 garbage-first heap   total 59392K, used 40230K [0x0000000740400000, 0x0000000800000000)
  region size 2048K, 14 young (28672K), 1 survivors (2048K)
 Metaspace       used 32299K, capacity 32787K, committed 32944K, reserved 1077248K
  class space    used 4100K, capacity 4261K, committed 4352K, reserved 1048576K
}
Event: 3.790 GC heap after
{Heap after GC invocations=7 (full 0):
 garbage-first heap   total 59392K, used 17209K [0x0000000740400000, 0x0000000800000000)
  region size 2048K, 2 young (4096K), 2 survivors (4096K)
 Metaspace       used 32299K, capacity 32787K, committed 32944K, reserved 1077248K
  class space    used 4100K, capacity 4261K, committed 4352K, reserved 1048576K
}
Event: 4.008 GC heap before
{Heap before GC invocations=7 (full 0):
 garbage-first heap   total 59392K, used 39737K [0x0000000740400000, 0x0000000800000000)
  region size 2048K, 14 young (28672K), 2 survivors (4096K)
 Metaspace       used 33687K, capacity 34160K, committed 34352K, reserved 1079296K
  class space    used 4301K, capacity 4469K, committed 4480K, reserved 1048576K
}
Event: 4.014 GC heap after
{Heap after GC invocations=8 (full 0):
 garbage-first heap   total 59392K, used 19340K [0x0000000740400000, 0x0000000800000000)
  region size 2048K, 2 young (4096K), 2 survivors (4096K)
 Metaspace       used 33687K, capacity 34160K, committed 34352K, reserved 1079296K
  class space    used 4301K, capacity 4469K, committed 4480K, reserved 1048576K
}
Event: 4.153 GC heap before
{Heap before GC invocations=8 (full 0):
 garbage-first heap   total 59392K, used 41868K [0x0000000740400000, 0x0000000800000000)
  region size 2048K, 13 young (26624K), 2 survivors (4096K)
 Metaspace       used 34430K, capacity 34868K, committed 34992K, reserved 1079296K
  class space    used 4413K, capacity 4573K, committed 4608K, reserved 1048576K
}
Event: 4.157 GC heap after
{Heap after GC invocations=9 (full 0):
 garbage-first heap   total 59392K, used 20933K [0x0000000740400000, 0x0000000800000000)
  region size 2048K, 2 young (4096K), 2 survivors (4096K)
 Metaspace       used 34430K, capacity 34868K, committed 34992K, reserved 1079296K
  class space    used 4413K, capacity 4573K, committed 4608K, reserved 1048576K
}
Event: 4.336 GC heap before
{Heap before GC invocations=9 (full 0):
 garbage-first heap   total 59392K, used 33221K [0x0000000740400000, 0x0000000800000000)
  region size 2048K, 9 young (18432K), 2 survivors (4096K)
 Metaspace       used 35379K, capacity 35869K, committed 35888K, reserved 1081344K
  class space    used 4555K, capacity 4735K, committed 4736K, reserved 1048576K
}

Deoptimization events (20 events):
Event: 4.321 Thread 0x0000020f42bd0860 DEOPT PACKING pc=0x0000020f2939738c sp=0x0000007b541f7740
Event: 4.321 Thread 0x0000020f42bd0860 DEOPT UNPACKING pc=0x0000020f2894e23f sp=0x0000007b541f6cb8 mode 1
Event: 4.330 Thread 0x0000020f42bd0860 DEOPT PACKING pc=0x0000020f2939738c sp=0x0000007b541f7740
Event: 4.330 Thread 0x0000020f42bd0860 DEOPT UNPACKING pc=0x0000020f2894e23f sp=0x0000007b541f6cb8 mode 1
Event: 4.330 Thread 0x0000020f42bd0860 DEOPT PACKING pc=0x0000020f2939738c sp=0x0000007b541f7740
Event: 4.330 Thread 0x0000020f42bd0860 DEOPT UNPACKING pc=0x0000020f2894e23f sp=0x0000007b541f6cb8 mode 1
Event: 4.332 Thread 0x0000020f42bd0860 DEOPT PACKING pc=0x0000020f291c5564 sp=0x0000007b541f8290
Event: 4.332 Thread 0x0000020f42bd0860 DEOPT UNPACKING pc=0x0000020f2894e23f sp=0x0000007b541f7728 mode 1
Event: 4.332 Thread 0x0000020f42bd0860 DEOPT PACKING pc=0x0000020f291c4bfc sp=0x0000007b541f8360
Event: 4.332 Thread 0x0000020f42bd0860 DEOPT UNPACKING pc=0x0000020f2894e23f sp=0x0000007b541f7818 mode 1
Event: 4.332 Thread 0x0000020f42bd0860 DEOPT PACKING pc=0x0000020f2915d35c sp=0x0000007b541f8d70
Event: 4.332 Thread 0x0000020f42bd0860 DEOPT UNPACKING pc=0x0000020f2894e23f sp=0x0000007b541f8248 mode 1
Event: 4.332 Thread 0x0000020f42bd0860 DEOPT PACKING pc=0x0000020f2937c224 sp=0x0000007b541f8e10
Event: 4.332 Thread 0x0000020f42bd0860 DEOPT UNPACKING pc=0x0000020f2894e23f sp=0x0000007b541f83a8 mode 1
Event: 4.332 Thread 0x0000020f42bd0860 DEOPT PACKING pc=0x0000020f291c5564 sp=0x0000007b541f8340
Event: 4.332 Thread 0x0000020f42bd0860 DEOPT UNPACKING pc=0x0000020f2894e23f sp=0x0000007b541f77d8 mode 1
Event: 4.332 Thread 0x0000020f42bd0860 DEOPT PACKING pc=0x0000020f291c4bfc sp=0x0000007b541f8410
Event: 4.332 Thread 0x0000020f42bd0860 DEOPT UNPACKING pc=0x0000020f2894e23f sp=0x0000007b541f78c8 mode 1
Event: 4.332 Thread 0x0000020f42bd0860 DEOPT PACKING pc=0x0000020f2915d35c sp=0x0000007b541f8e20
Event: 4.332 Thread 0x0000020f42bd0860 DEOPT UNPACKING pc=0x0000020f2894e23f sp=0x0000007b541f8310 mode 1

Classes unloaded (0 events):
No events

Classes redefined (0 events):
No events

Internal exceptions (20 events):
Event: 4.017 Thread 0x0000020f42bd0860 Exception <a 'java/lang/ClassNotFoundException'{0x000000074c213df0}: org/springframework/security/config/annotation/SecurityConfigurerCustomizer> (0x000000074c213df0) 
thrown [./open/src/hotspot/share/classfile/systemDictionary.cpp, line 295]
Event: 4.045 Thread 0x0000020f42bd0860 Exception <a 'java/lang/ClassNotFoundException'{0x0000000746c371e8}: java/lang/ObjectCustomizer> (0x0000000746c371e8) 
thrown [./open/src/hotspot/share/classfile/systemDictionary.cpp, line 295]
Event: 4.046 Thread 0x0000020f42bd0860 Exception <a 'java/lang/ClassNotFoundException'{0x0000000746c3fc00}: org/springframework/web/servlet/config/annotation/WebMvcConfigurationSupportCustomizer> (0x0000000746c3fc00) 
thrown [./open/src/hotspot/share/classfile/systemDictionary.cpp, line 295]
Event: 4.047 Thread 0x0000020f42bd0860 Exception <a 'java/lang/ClassNotFoundException'{0x0000000746c53108}: org/springframework/web/servlet/config/annotation/DelegatingWebMvcConfigurationCustomizer> (0x0000000746c53108) 
thrown [./open/src/hotspot/share/classfile/systemDictionary.cpp, line 295]
Event: 4.048 Thread 0x0000020f42bd0860 Exception <a 'java/lang/ClassNotFoundException'{0x0000000746c5fbc0}: org/springframework/boot/autoconfigure/web/servlet/WebMvcAutoConfiguration$EnableWebMvcConfigurationCustomizer> (0x0000000746c5fbc0) 
thrown [./open/src/hotspot/share/classfile/systemDictionary.cpp, line 295]
Event: 4.049 Thread 0x0000020f42bd0860 Exception <a 'java/lang/ClassNotFoundException'{0x0000000746c71b20}: org/springframework/context/ResourceLoaderAwareCustomizer> (0x0000000746c71b20) 
thrown [./open/src/hotspot/share/classfile/systemDictionary.cpp, line 295]
Event: 4.049 Thread 0x0000020f42bd0860 Exception <a 'java/lang/ClassNotFoundException'{0x0000000746c774d8}: org/springframework/beans/factory/AwareCustomizer> (0x0000000746c774d8) 
thrown [./open/src/hotspot/share/classfile/systemDictionary.cpp, line 295]
Event: 4.050 Thread 0x0000020f42bd0860 Exception <a 'java/lang/ClassNotFoundException'{0x0000000746d38720}: org/springframework/context/ApplicationContextAwareCustomizer> (0x0000000746d38720) 
thrown [./open/src/hotspot/share/classfile/systemDictionary.cpp, line 295]
Event: 4.051 Thread 0x0000020f42bd0860 Exception <a 'java/lang/ClassNotFoundException'{0x0000000746d3e880}: org/springframework/beans/factory/AwareCustomizer> (0x0000000746d3e880) 
thrown [./open/src/hotspot/share/classfile/systemDictionary.cpp, line 295]
Event: 4.051 Thread 0x0000020f42bd0860 Exception <a 'java/lang/ClassNotFoundException'{0x0000000746d43878}: org/springframework/web/context/ServletContextAwareCustomizer> (0x0000000746d43878) 
thrown [./open/src/hotspot/share/classfile/systemDictionary.cpp, line 295]
Event: 4.052 Thread 0x0000020f42bd0860 Exception <a 'java/lang/ClassNotFoundException'{0x0000000746d49688}: org/springframework/beans/factory/AwareCustomizer> (0x0000000746d49688) 
thrown [./open/src/hotspot/share/classfile/systemDictionary.cpp, line 295]
Event: 4.066 Thread 0x0000020f42bd0860 Exception <a 'java/lang/ClassNotFoundException'{0x0000000746a6f7d0}: java/lang/ObjectCustomizer> (0x0000000746a6f7d0) 
thrown [./open/src/hotspot/share/classfile/systemDictionary.cpp, line 295]
Event: 4.067 Thread 0x0000020f42bd0860 Exception <a 'java/lang/ClassNotFoundException'{0x0000000746a77d20}: org/springframework/security/config/annotation/authentication/configuration/AuthenticationConfigurationCustomizer> (0x0000000746a77d20) 
thrown [./open/src/hotspot/share/classfile/systemDictionary.cpp, line 295]
Event: 4.108 Thread 0x0000020f42bd0860 Exception <a 'java/lang/ClassNotFoundException'{0x0000000743152bf8}: java/lang/ObjectCustomizer> (0x0000000743152bf8) 
thrown [./open/src/hotspot/share/classfile/systemDictionary.cpp, line 295]
Event: 4.108 Thread 0x0000020f42bd0860 Exception <a 'java/lang/ClassNotFoundException'{0x0000000742e302a8}: org/springframework/security/config/annotation/web/configuration/WebSecurityConfigurationCustomizer> (0x0000000742e302a8) 
thrown [./open/src/hotspot/share/classfile/systemDictionary.cpp, line 295]
Event: 4.109 Thread 0x0000020f42bd0860 Exception <a 'java/lang/ClassNotFoundException'{0x0000000742e3f310}: org/springframework/context/annotation/ImportAwareCustomizer> (0x0000000742e3f310) 
thrown [./open/src/hotspot/share/classfile/systemDictionary.cpp, line 295]
Event: 4.110 Thread 0x0000020f42bd0860 Exception <a 'java/lang/ClassNotFoundException'{0x0000000742e44518}: org/springframework/beans/factory/AwareCustomizer> (0x0000000742e44518) 
thrown [./open/src/hotspot/share/classfile/systemDictionary.cpp, line 295]
Event: 4.110 Thread 0x0000020f42bd0860 Exception <a 'java/lang/ClassNotFoundException'{0x0000000742e48b18}: org/springframework/beans/factory/BeanClassLoaderAwareCustomizer> (0x0000000742e48b18) 
thrown [./open/src/hotspot/share/classfile/systemDictionary.cpp, line 295]
Event: 4.111 Thread 0x0000020f42bd0860 Exception <a 'java/lang/ClassNotFoundException'{0x0000000742e4dd30}: org/springframework/beans/factory/AwareCustomizer> (0x0000000742e4dd30) 
thrown [./open/src/hotspot/share/classfile/systemDictionary.cpp, line 295]
Event: 4.263 Thread 0x0000020f42bd0860 Exception <a 'java/lang/NoSuchMethodError'{0x000000074324f7e0}: 'java.lang.Object java.lang.invoke.DirectMethodHandle$Holder.invokeInterface(java.lang.Object, java.lang.Object, java.lang.Object, java.lang.Object)'> (0x000000074324f7e0) 
thrown [./open/src/hotspot/share/interpreter/linkResolver.cpp, line 782]

Events (20 events):
Event: 4.332 loading class org/springframework/http/converter/json/Jackson2ObjectMapperBuilder done
Event: 4.332 loading class org/springframework/util/MultiValueMap
Event: 4.332 loading class org/springframework/util/MultiValueMap done
Event: 4.332 loading class com/fasterxml/jackson/databind/Module
Event: 4.332 loading class com/fasterxml/jackson/databind/Module done
Event: 4.333 loading class com/fasterxml/jackson/module/paramnames/ParameterNamesAnnotationIntrospector
Event: 4.333 loading class com/fasterxml/jackson/module/paramnames/ParameterNamesAnnotationIntrospector done
Event: 4.333 loading class com/fasterxml/jackson/databind/introspect/NopAnnotationIntrospector
Event: 4.333 loading class com/fasterxml/jackson/databind/introspect/NopAnnotationIntrospector done
Event: 4.333 loading class com/fasterxml/jackson/databind/introspect/NopAnnotationIntrospector$1
Event: 4.333 loading class com/fasterxml/jackson/databind/introspect/NopAnnotationIntrospector$1 done
Event: 4.333 loading class com/fasterxml/jackson/module/paramnames/ParameterExtractor
Event: 4.333 loading class com/fasterxml/jackson/module/paramnames/ParameterExtractor done
Event: 4.334 loading class com/fasterxml/jackson/databind/introspect/AnnotationIntrospectorPair
Event: 4.334 loading class com/fasterxml/jackson/databind/introspect/AnnotationIntrospectorPair done
Event: 4.335 loading class org/springframework/http/converter/json/SpringHandlerInstantiator
Event: 4.335 loading class org/springframework/http/converter/json/SpringHandlerInstantiator done
Event: 4.335 loading class com/fasterxml/jackson/databind/ObjectReader
Event: 4.335 loading class com/fasterxml/jackson/databind/ObjectReader done
Event: 4.336 Executing VM operation: CollectForMetadataAllocation


Dynamic libraries:
0x00007ff6c45b0000 - 0x00007ff6c45bf000 	F:\Udacity\jdkinstalled\bin\java.exe
0x00007ffaca9c0000 - 0x00007ffacabb0000 	C:\WINDOWS\SYSTEM32\ntdll.dll
0x00007ffac90b0000 - 0x00007ffac9162000 	C:\WINDOWS\System32\KERNEL32.DLL
0x00007ffac7db0000 - 0x00007ffac8055000 	C:\WINDOWS\System32\KERNELBASE.dll
0x00007ffac7c90000 - 0x00007ffac7d8a000 	C:\WINDOWS\System32\ucrtbase.dll
0x00007ffac0b70000 - 0x00007ffac0b88000 	F:\Udacity\jdkinstalled\bin\jli.dll
0x00007ffac0b90000 - 0x00007ffac0ba9000 	F:\Udacity\jdkinstalled\bin\VCRUNTIME140.dll
0x00007ffac9580000 - 0x00007ffac9623000 	C:\WINDOWS\System32\ADVAPI32.dll
0x00007ffac9770000 - 0x00007ffac980e000 	C:\WINDOWS\System32\msvcrt.dll
0x00007ffac8c20000 - 0x00007ffac8cb7000 	C:\WINDOWS\System32\sechost.dll
0x00007ffac9630000 - 0x00007ffac9750000 	C:\WINDOWS\System32\RPCRT4.dll
0x00007ffac9170000 - 0x00007ffac9304000 	C:\WINDOWS\System32\USER32.dll
0x00007ffac8a10000 - 0x00007ffac8a31000 	C:\WINDOWS\System32\win32u.dll
0x00007ffaba7b0000 - 0x00007ffabaa34000 	C:\WINDOWS\WinSxS\amd64_microsoft.windows.common-controls_6595b64144ccf1df_6.0.18362.1256_none_9e7e379be45e40e2\COMCTL32.dll
0x00007ffac93a0000 - 0x00007ffac93c6000 	C:\WINDOWS\System32\GDI32.dll
0x00007ffaca5e0000 - 0x00007ffaca916000 	C:\WINDOWS\System32\combase.dll
0x00007ffac80e0000 - 0x00007ffac8276000 	C:\WINDOWS\System32\gdi32full.dll
0x00007ffac7c00000 - 0x00007ffac7c81000 	C:\WINDOWS\System32\bcryptPrimitives.dll
0x00007ffac7a10000 - 0x00007ffac7aae000 	C:\WINDOWS\System32\msvcp_win.dll
0x00007ffabf3b0000 - 0x00007ffabf3ba000 	C:\WINDOWS\SYSTEM32\VERSION.dll
0x00007ffac9080000 - 0x00007ffac90ae000 	C:\WINDOWS\System32\IMM32.DLL
0x00007ffabf5d0000 - 0x00007ffabf5dc000 	F:\Udacity\jdkinstalled\bin\vcruntime140_1.dll
0x00007ffaa1c00000 - 0x00007ffaa1c91000 	F:\Udacity\jdkinstalled\bin\msvcp140.dll
0x00007ffa7fa30000 - 0x00007ffa8058e000 	F:\Udacity\jdkinstalled\bin\server\jvm.dll
0x00007ffac98c0000 - 0x00007ffac98c8000 	C:\WINDOWS\System32\PSAPI.DLL
0x00007ffac57f0000 - 0x00007ffac5814000 	C:\WINDOWS\SYSTEM32\WINMM.dll
0x00007ffac4a80000 - 0x00007ffac4a89000 	C:\WINDOWS\SYSTEM32\WSOCK32.dll
0x00007ffac9510000 - 0x00007ffac957f000 	C:\WINDOWS\System32\WS2_32.dll
0x00007ffac57c0000 - 0x00007ffac57ed000 	C:\WINDOWS\SYSTEM32\WINMMBASE.dll
0x00007ffac8060000 - 0x00007ffac80aa000 	C:\WINDOWS\System32\cfgmgr32.dll
0x00007ffac7950000 - 0x00007ffac7961000 	C:\WINDOWS\System32\kernel.appcore.dll
0x00007ffabe230000 - 0x00007ffabe23a000 	F:\Udacity\jdkinstalled\bin\jimage.dll
0x00007ffab4160000 - 0x00007ffab4354000 	C:\WINDOWS\SYSTEM32\DBGHELP.DLL
0x00007ffab4070000 - 0x00007ffab409a000 	C:\WINDOWS\SYSTEM32\dbgcore.DLL
0x00007ffac1190000 - 0x00007ffac11c9000 	F:\Udacity\jdkinstalled\bin\jdwp.dll
0x00007ffac35c0000 - 0x00007ffac35ce000 	F:\Udacity\jdkinstalled\bin\instrument.dll
0x00007ffabddb0000 - 0x00007ffabddd5000 	F:\Udacity\jdkinstalled\bin\java.dll
0x00007ffac98d0000 - 0x00007ffac9fb7000 	C:\WINDOWS\System32\SHELL32.dll
0x00007ffac9810000 - 0x00007ffac98b9000 	C:\WINDOWS\System32\shcore.dll
0x00007ffac8280000 - 0x00007ffac8a01000 	C:\WINDOWS\System32\windows.storage.dll
0x00007ffac79e0000 - 0x00007ffac7a03000 	C:\WINDOWS\System32\profapi.dll
0x00007ffac7970000 - 0x00007ffac79ba000 	C:\WINDOWS\System32\powrprof.dll
0x00007ffac7940000 - 0x00007ffac7950000 	C:\WINDOWS\System32\UMPDC.dll
0x00007ffac8f50000 - 0x00007ffac8fa2000 	C:\WINDOWS\System32\shlwapi.dll
0x00007ffac7d90000 - 0x00007ffac7da7000 	C:\WINDOWS\System32\cryptsp.dll
0x00007ffac1ac0000 - 0x00007ffac1acb000 	F:\Udacity\jdkinstalled\bin\dt_socket.dll
0x00007ffac6ea0000 - 0x00007ffac6eda000 	C:\WINDOWS\SYSTEM32\IPHLPAPI.DLL
0x00007ffac7190000 - 0x00007ffac71f7000 	C:\WINDOWS\system32\mswsock.dll
0x00007ffab52c0000 - 0x00007ffab52d8000 	F:\Udacity\jdkinstalled\bin\zip.dll
0x00007ffaba4c0000 - 0x00007ffaba4d9000 	F:\Udacity\jdkinstalled\bin\net.dll
0x00007ffac2ec0000 - 0x00007ffac2fb0000 	C:\WINDOWS\SYSTEM32\WINHTTP.dll
0x00007ffab80b0000 - 0x00007ffab80c2000 	F:\Udacity\jdkinstalled\bin\nio.dll
0x00007ffac6ee0000 - 0x00007ffac6fab000 	C:\WINDOWS\SYSTEM32\DNSAPI.dll
0x00007ffac9390000 - 0x00007ffac9398000 	C:\WINDOWS\System32\NSI.dll
0x00007ffabc730000 - 0x00007ffabc73a000 	C:\Windows\System32\rasadhlp.dll
0x00007ffac1d10000 - 0x00007ffac1d87000 	C:\WINDOWS\System32\fwpuclnt.dll
0x00007ffac80b0000 - 0x00007ffac80d6000 	C:\WINDOWS\System32\bcrypt.dll
0x00007ffab78a0000 - 0x00007ffab78a9000 	F:\Udacity\jdkinstalled\bin\management.dll
0x00007ffab6080000 - 0x00007ffab608b000 	F:\Udacity\jdkinstalled\bin\management_ext.dll
0x00007ffac6d00000 - 0x00007ffac6d33000 	C:\WINDOWS\system32\rsaenh.dll
0x00007ffac7820000 - 0x00007ffac7845000 	C:\WINDOWS\SYSTEM32\USERENV.dll
0x00007ffac7360000 - 0x00007ffac736c000 	C:\WINDOWS\SYSTEM32\CRYPTBASE.dll
0x00007ffac2450000 - 0x00007ffac2466000 	C:\WINDOWS\SYSTEM32\dhcpcsvc6.DLL
0x00007ffac22b0000 - 0x00007ffac22cc000 	C:\WINDOWS\SYSTEM32\dhcpcsvc.DLL
0x00007ffaa19a0000 - 0x00007ffaa19b6000 	C:\WINDOWS\system32\napinsp.dll
0x00007ffaa1520000 - 0x00007ffaa153a000 	C:\WINDOWS\system32\pnrpnsp.dll
0x00007ffaa1510000 - 0x00007ffaa151e000 	C:\WINDOWS\System32\winrnr.dll
0x00007ffac5820000 - 0x00007ffac583c000 	C:\WINDOWS\system32\NLAapi.dll
0x00007ffaa0370000 - 0x00007ffaa0385000 	C:\WINDOWS\system32\wshbth.dll
0x00007ffac0ef0000 - 0x00007ffac0efd000 	F:\Udacity\jdkinstalled\bin\sunmscapi.dll
0x00007ffac7ab0000 - 0x00007ffac7bf9000 	C:\WINDOWS\System32\CRYPT32.dll
0x00007ffac79c0000 - 0x00007ffac79d2000 	C:\WINDOWS\System32\MSASN1.dll
0x00007ffac7460000 - 0x00007ffac7486000 	C:\WINDOWS\SYSTEM32\ncrypt.dll
0x00007ffac7420000 - 0x00007ffac745b000 	C:\WINDOWS\SYSTEM32\NTASN1.dll

dbghelp: loaded successfully - version: 4.0.5 - missing functions: none
symbol engine: initialized successfully - sym options: 0x614 - pdb path: .;F:\Udacity\jdkinstalled\bin;C:\WINDOWS\SYSTEM32;C:\WINDOWS\WinSxS\amd64_microsoft.windows.common-controls_6595b64144ccf1df_6.0.18362.1256_none_9e7e379be45e40e2;F:\Udacity\jdkinstalled\bin\server

VM Arguments:
jvm_args: -agentlib:jdwp=transport=dt_socket,address=127.0.0.1:62983,suspend=y,server=n -XX:TieredStopAtLevel=1 -Xverify:none -Dspring.output.ansi.enabled=always -Dcom.sun.management.jmxremote -Dspring.jmx.enabled=true -Dspring.liveBeansView.mbeanDomain -Dspring.application.admin.enabled=true -javaagent:C:\Users\mojtaba\AppData\Local\JetBrains\IntelliJIdea2020.1\captureAgent\debugger-agent.jar -Dfile.encoding=UTF-8 
java_command: com.udacity.jwdnd.course1.cloudstorage.CloudStorageApplication
java_class_path (initial): F:\Udacity\project\nd035-c1-spring-boot-basics-project-starter\starter\cloudstorage\target\classes;C:\Users\mojtaba\.m2\repository\org\springframework\boot\spring-boot-starter-security\2.2.4.RELEASE\spring-boot-starter-security-2.2.4.RELEASE.jar;C:\Users\mojtaba\.m2\repository\org\springframework\boot\spring-boot-starter\2.2.4.RELEASE\spring-boot-starter-2.2.4.RELEASE.jar;C:\Users\mojtaba\.m2\repository\org\springframework\boot\spring-boot-starter-logging\2.2.4.RELEASE\spring-boot-starter-logging-2.2.4.RELEASE.jar;C:\Users\mojtaba\.m2\repository\ch\qos\logback\logback-classic\1.2.3\logback-classic-1.2.3.jar;C:\Users\mojtaba\.m2\repository\ch\qos\logback\logback-core\1.2.3\logback-core-1.2.3.jar;C:\Users\mojtaba\.m2\repository\org\apache\logging\log4j\log4j-to-slf4j\2.12.1\log4j-to-slf4j-2.12.1.jar;C:\Users\mojtaba\.m2\repository\org\apache\logging\log4j\log4j-api\2.12.1\log4j-api-2.12.1.jar;C:\Users\mojtaba\.m2\repository\org\slf4j\jul-to-slf4j\1.7.30\jul-to-slf4j-1.7.30.jar;C:\Users\mojtaba\.m2\repository\jakarta\annotation\jakarta.annotation-api\1.3.5\jakarta.annotation-api-1.3.5.jar;C:\Users\mojtaba\.m2\repository\org\yaml\snakeyaml\1.25\snakeyaml-1.25.jar;C:\Users\mojtaba\.m2\repository\org\springframework\spring-aop\5.2.3.RELEASE\spring-aop-5.2.3.RELEASE.jar;C:\Users\mojtaba\.m2\repository\org\springframework\spring-beans\5.2.3.RELEASE\spring-beans-5.2.3.RELEASE.jar;C:\Users\mojtaba\.m2\repository\org\springframework\security\spring-security-config\5.2.1.RELEASE\spring-security-config-5.2.1.RELEASE.jar;C:\Users\mojtaba\.m2\repository\org\springframework\spring-context\5.2.3.RELEASE\spring-context-5.2.3.RELEASE.jar;C:\Users\mojtaba\.m2\repository\org\springframework\security\spring-security-web\5.2.1.RELEASE\spring-security-web-5.2.1.RELEASE.jar;C:\Users\mojtaba\.m2\repository\org\springframework\spring-expression\5.2.3.RELEASE\spring-expression-5.2.3.RELEASE.jar;C:\Users\mojtaba\.m2\repository\org\springframework\boot\spring-boot-st
Launcher Type: SUN_STANDARD

[Global flags]
     intx CICompilerCount                          = 4                                         {product} {ergonomic}
     uint ConcGCThreads                            = 2                                         {product} {ergonomic}
     uint G1ConcRefinementThreads                  = 8                                         {product} {ergonomic}
   size_t G1HeapRegionSize                         = 2097152                                   {product} {ergonomic}
    uintx GCDrainStackTargetSize                   = 64                                        {product} {ergonomic}
   size_t InitialHeapSize                          = 201326592                                 {product} {ergonomic}
     bool ManagementServer                         = true                                      {product} {command line}
   size_t MarkStackSize                            = 4194304                                   {product} {ergonomic}
   size_t MaxHeapSize                              = 3217031168                                {product} {ergonomic}
   size_t MaxNewSize                               = 1929379840                                {product} {ergonomic}
   size_t MinHeapDeltaBytes                        = 2097152                                   {product} {ergonomic}
   size_t MinHeapSize                              = 8388608                                   {product} {ergonomic}
    uintx NonNMethodCodeHeapSize                   = 7549744                                {pd product} {ergonomic}
    uintx NonProfiledCodeHeapSize                  = 244108496                              {pd product} {ergonomic}
    uintx ProfiledCodeHeapSize                     = 0                                      {pd product} {ergonomic}
    uintx ReservedCodeCacheSize                    = 251658240                              {pd product} {ergonomic}
     bool SegmentedCodeCache                       = true                                      {product} {ergonomic}
   size_t SoftMaxHeapSize                          = 3217031168                             {manageable} {ergonomic}
     intx TieredStopAtLevel                        = 1                                         {product} {command line}
     bool UseCompressedClassPointers               = true                                 {lp64_product} {ergonomic}
     bool UseCompressedOops                        = true                                 {lp64_product} {ergonomic}
     bool UseG1GC                                  = true                                      {product} {ergonomic}
     bool UseLargePagesIndividualAllocation        = false                                  {pd product} {ergonomic}

Logging:
Log output configuration:
 #0: stdout all=warning uptime,level,tags
 #1: stderr all=off uptime,level,tags

Environment Variables:
PATH=C:\Program Files\Common Files\Oracle\Java\javapath;C:\Python39\Scripts\;C:\Python39\;C:\WINDOWS\system32;C:\WINDOWS;C:\WINDOWS\System32\Wbem;C:\WINDOWS\System32\WindowsPowerShell\v1.0\;C:\WINDOWS\System32\OpenSSH\;c:\PHP;C:\Program Files\dotnet\;C:\Program Files\Microsoft SQL Server\130\Tools\Binn\;C:\Program Files\PuTTY\;C:\Program Files\nodejs\;C:\ProgramData\chocolatey\bin;C:\Program Files\Git\cmd;C:\Users\mojtaba\AppData\Local\Mozilla Firefox;;C:\Program Files\Docker\Docker\resources\bin;C:\ProgramData\DockerDesktop\version-bin;C:\Program Files\MySQL\MySQL Shell 8.0\bin\;C:\Users\mojtaba\AppData\Local\Programs\Python\Python38-32\Scripts\;C:\Users\mojtaba\AppData\Local\Programs\Python\Python38-32\;C:\Users\mojtaba\AppData\Local\Microsoft\WindowsApps;C:\Users\mojtaba\AppData\Roaming\npm;C:\Users\mojtaba\AppData\Roaming\Python\Python39\Scripts;C:\Program Files\JetBrains\IntelliJ IDEA 2020.2.3\bin;;C:\Users\mojtaba\AppData\Local\Mozilla Firefox;
USERNAME=mojtaba
OS=Windows_NT
PROCESSOR_IDENTIFIER=Intel64 Family 6 Model 42 Stepping 7, GenuineIntel



---------------  S Y S T E M  ---------------

OS:
 Windows 10 , 64 bit Build 18362 (10.0.18362.1110)
OS uptime: 3 days 2:15 hours

CPU: total 8 (initial active 8) (4 cores per cpu, 2 threads per core) family 6 model 42 stepping 7 microcode 0x2e, cmov, cx8, fxsr, mmx, sse, sse2, sse3, ssse3, sse4.1, sse4.2, popcnt, vzeroupper, avx, aes, clmul, ht, tsc, tscinvbit, clflush

Memory: 4k page, system-wide physical 12265M (5154M free)
TotalPageFile size 17129M (AvailPageFile size 4401M)
current process WorkingSet (physical memory assigned to process): 159M, peak: 167M
current process commit charge ("private bytes"): 202M, peak: 316M

vm_info: Java HotSpot(TM) 64-Bit Server VM (15.0.1+9-18) for windows-amd64 JRE (15.0.1+9-18), built on Sep 15 2020 14:43:54 by "mach5one" with unknown MS VC++:1925

END.
