#
# A fatal error has been detected by the Java Runtime Environment:
#
#  EXCEPTION_ACCESS_VIOLATION (0xc0000005) at pc=0x00007ffa7fcff7cb, pid=13636, tid=7312
#
# JRE version: Java(TM) SE Runtime Environment (15.0.1+9) (build 15.0.1+9-18)
# Java VM: Java HotSpot(TM) 64-Bit Server VM (15.0.1+9-18, mixed mode, sharing, tiered, compressed oops, g1 gc, windows-amd64)
# Problematic frame:
# V  [jvm.dll+0x2cf7cb]
#
# No core dump will be written. Minidumps are not enabled by default on client versions of Windows
#
# If you would like to submit a bug report, please visit:
#   https://bugreport.java.com/bugreport/crash.jsp
#

---------------  S U M M A R Y ------------

Command Line: -XX:TieredStopAtLevel=1 -Xverify:none -Dspring.output.ansi.enabled=always -Dcom.sun.management.jmxremote -Dspring.jmx.enabled=true -Dspring.liveBeansView.mbeanDomain -Dspring.application.admin.enabled=true -javaagent:C:\Program Files\JetBrains\IntelliJ IDEA 2020.1\lib\idea_rt.jar=63023:C:\Program Files\JetBrains\IntelliJ IDEA 2020.1\bin -Dfile.encoding=UTF-8 com.udacity.jwdnd.course1.cloudstorage.CloudStorageApplication

Host: Intel(R) Core(TM) i7-2630QM CPU @ 2.00GHz, 8 cores, 11G,  Windows 10 , 64 bit Build 18362 (10.0.18362.1110)
Time: Fri Dec 25 20:53:00 2020 Pacific Standard Time elapsed time: 12.599439 seconds (0d 0h 0m 12s)

---------------  T H R E A D  ---------------

Current thread (0x0000023513ae2a30):  GCTaskThread "GC Thread#4" [stack: 0x000000e4de300000,0x000000e4de400000] [id=7312]

Stack: [0x000000e4de300000,0x000000e4de400000],  sp=0x000000e4de3ff5d0,  free space=1021k
Native frames: (J=compiled Java code, j=interpreted, Vv=VM code, C=native code)
V  [jvm.dll+0x2cf7cb]
V  [jvm.dll+0x2cf24e]
V  [jvm.dll+0x2dd037]
V  [jvm.dll+0x2ded57]
V  [jvm.dll+0x2dd54d]
V  [jvm.dll+0x2de8f1]
V  [jvm.dll+0x2aad88]
V  [jvm.dll+0x2accfd]
V  [jvm.dll+0x7adba0]
V  [jvm.dll+0x73d65a]
V  [jvm.dll+0x629c56]
C  [ucrtbase.dll+0x210b2]
C  [KERNEL32.DLL+0x17c24]
C  [ntdll.dll+0x6d4d1]


siginfo: EXCEPTION_ACCESS_VIOLATION (0xc0000005), reading address 0x0000000100000000


Register to memory mapping:

RIP=0x00007ffa7fcff7cb jvm.dll
RAX=0x000002357163be7c points into unknown readable memory: 00 00 00 00
RBX=0x0000000741976af5 is pointing into object: [Ljava.util.HashMap$Node; 
{0x0000000741970c00} - klass: 'java/util/HashMap$Node'[]
 - length: 32768
RCX=0x0 is NULL
RDX=0x0000000000000800 is an unknown value
RSP=0x000000e4de3ff5d0 points into unknown readable memory: 0x00000007422afa72 | 72 fa 2a 42 07 00 00 00
RBP=0x0000023515336ef0 points into unknown readable memory: 0x00007ffa802ba628 | 28 a6 2b 80 fa 7f 00 00
RSI=0x00000000000017d4 is an unknown value
RDI=0x0000000741976af4 is pointing into object: [Ljava.util.HashMap$Node; 
{0x0000000741970c00} - klass: 'java/util/HashMap$Node'[]
 - length: 32768
R8 =0x0000000741976a98 is pointing into object: [Ljava.util.HashMap$Node; 
{0x0000000741970c00} - klass: 'java/util/HashMap$Node'[]
 - length: 32768
R9 =0x0000000100000000 is an unknown value
R10=0x0000000100000000 is an unknown value
R11=0x0000000741970c00 is an oop: [Ljava.util.HashMap$Node; 
{0x0000000741970c00} - klass: 'java/util/HashMap$Node'[]
 - length: 32768
R12=0x0000000000000040 is an unknown value
R13=0x0 is NULL
R14=0x000002357161b9b0 points into unknown readable memory: 0x000006a700002018 | 18 20 00 00 a7 06 00 00
R15=0x0000000000002018 is an unknown value


Registers:
RAX=0x000002357163be7c, RBX=0x0000000741976af5, RCX=0x0000000000000000, RDX=0x0000000000000800
RSP=0x000000e4de3ff5d0, RBP=0x0000023515336ef0, RSI=0x00000000000017d4, RDI=0x0000000741976af4
R8 =0x0000000741976a98, R9 =0x0000000100000000, R10=0x0000000100000000, R11=0x0000000741970c00
R12=0x0000000000000040, R13=0x0000000000000000, R14=0x000002357161b9b0, R15=0x0000000000002018
RIP=0x00007ffa7fcff7cb, EFLAGS=0x0000000000010246

Top of Stack: (sp=0x000000e4de3ff5d0)
0x000000e4de3ff5d0:   00000007422afa72 0000023515336ef0
0x000000e4de3ff5e0:   00000000000017d4 0000000741970c00
0x000000e4de3ff5f0:   0000000000000000 00007ffa80054a3f
0x000000e4de3ff600:   000000e4de3ff680 0000000000000000
0x000000e4de3ff610:   000002357160e900 000000e4de3ff890
0x000000e4de3ff620:   000002357a156e00 0000000000000002
0x000000e4de3ff630:   0000023571619f30 000000e4de3ff890
0x000000e4de3ff640:   0000000000000000 00000007411cca00
0x000000e4de3ff650:   0000023515336ef0 00007ffa7fcff24e
0x000000e4de3ff660:   0000000000000000 0000023500000000
0x000000e4de3ff670:   0000000000000002 0000023571619f30
0x000000e4de3ff680:   0000000007808744 00000005d6a0f31d
0x000000e4de3ff690:   000000e4de3ff890 00000007411cca00
0x000000e4de3ff6a0:   0000000000000080 00007ffa7fd0d037
0x000000e4de3ff6b0:   00000007411cce18 000000e4de3ff6d0
0x000000e4de3ff6c0:   000000e4de3ff6e0 0000023571647c90 

Instructions: (pc=0x00007ffa7fcff7cb)
0x00007ffa7fcff6cb:   00 00 00 00 00 48 8b 5d 10 44 8b bb 80 00 00 00
0x00007ffa7fcff6db:   4c 8d b3 00 01 00 00 41 8b 06 41 8b cf 2b c8 81
0x00007ffa7fcff6eb:   e1 ff ff 01 00 41 3b cc 0f 86 d2 03 00 00 41 ff
0x00007ffa7fcff6fb:   cf 41 81 e7 ff ff 01 00 44 89 bb 80 00 00 00 e8
0x00007ffa7fcff70b:   e1 d0 34 00 41 8b 06 41 8b cf 48 8b 9b 80 01 00
0x00007ffa7fcff71b:   00 2b c8 81 e1 ff ff 01 00 81 f9 ff ff 01 00 4a
0x00007ffa7fcff72b:   8b 1c fb 41 0f 44 cd 85 c9 75 46 49 8b 06 48 8b
0x00007ffa7fcff73b:   f8 48 89 44 24 28 48 c1 e8 20 ff c0 44 89 7c 24
0x00007ffa7fcff74b:   20 89 44 24 24 48 8b 74 24 20 44 3b ff 0f 85 67
0x00007ffa7fcff75b:   03 00 00 48 8b 05 33 5c 74 00 4c 8b c7 49 8b d6
0x00007ffa7fcff76b:   48 8b ce ff d0 48 3b c7 0f 85 4c 03 00 00 41 8b
0x00007ffa7fcff77b:   06 f6 c3 01 0f 84 45 01 00 00 8b 0d 85 c2 72 00
0x00007ffa7fcff78b:   48 8d 7b ff 48 8b 45 08 44 8b 17 49 d3 e2 4c 03
0x00007ffa7fcff79b:   15 68 c2 72 00 8b 88 48 04 00 00 49 8b d2 48 8b
0x00007ffa7fcff7ab:   80 38 04 00 00 48 d3 ea 0f b7 0c 50 66 89 8c 24
0x00007ffa7fcff7bb:   98 00 00 00 66 c1 e9 08 84 c9 0f 88 05 ff ff ff
0x00007ffa7fcff7cb:   4d 8b 02 41 0f b6 c0 24 03 3c 03 75 1e 44 38 2d
0x00007ffa7fcff7db:   63 38 7b 00 74 0f 41 0f b6 c0 24 07 3c 05 75 05
0x00007ffa7fcff7eb:   4d 8b c5 eb 1f 49 83 e0 fc eb 19 0f b7 94 24 98
0x00007ffa7fcff7fb:   00 00 00 4d 8b c8 4d 8b c2 48 8b cd e8 74 1d 00
0x00007ffa7fcff80b:   00 4c 8b c0 8b 0d fb c1 72 00 49 8b d0 48 2b 15
0x00007ffa7fcff81b:   e9 c1 72 00 48 d3 ea 89 17 49 8b d0 8b 0d b3 41
0x00007ffa7fcff82b:   7b 00 48 33 d7 48 d3 ea 48 85 d2 0f 84 94 fe ff
0x00007ffa7fcff83b:   ff 48 8b 45 08 48 8b d7 48 8b 80 00 01 00 00 8b
0x00007ffa7fcff84b:   48 68 48 8b 40 58 48 d3 ea 48 8b 0c d0 8b 81 cc
0x00007ffa7fcff85b:   00 00 00 d1 e8 a8 01 0f 85 68 fe ff ff 48 8b 45
0x00007ffa7fcff86b:   08 8b 88 48 04 00 00 48 8b 80 38 04 00 00 49 d3
0x00007ffa7fcff87b:   e8 46 38 2c 40 0f 84 4a fe ff ff 48 8b 85 80 00
0x00007ffa7fcff88b:   00 00 48 c1 ef 09 48 8b 58 48 48 8b 50 40 48 03
0x00007ffa7fcff89b:   df 48 2b da 48 39 9d d0 01 00 00 0f 84 24 fe ff
0x00007ffa7fcff8ab:   ff 44 38 6d 28 48 8d 4d 18 74 08 48 03 d3 e8 a2
0x00007ffa7fcff8bb:   e9 39 00 48 89 9d d0 01 00 00 e9 06 fe ff ff f6 


Stack slot to memory mapping:
stack at sp + 0 slots: 0x00000007422afa72 is pointing into object: [Ljava.util.HashMap$Node; 
{0x00000007422afa70} - klass: 'java/util/HashMap$Node'[]
 - length: 32768
stack at sp + 1 slots: 0x0000023515336ef0 points into unknown readable memory: 0x00007ffa802ba628 | 28 a6 2b 80 fa 7f 00 00
stack at sp + 2 slots: 0x00000000000017d4 is an unknown value
stack at sp + 3 slots: 0x0000000741970c00 is an oop: [Ljava.util.HashMap$Node; 
{0x0000000741970c00} - klass: 'java/util/HashMap$Node'[]
 - length: 32768
stack at sp + 4 slots: 0x0 is NULL
stack at sp + 5 slots: 0x00007ffa80054a3f jvm.dll
stack at sp + 6 slots: 0x000000e4de3ff680 points into unknown readable memory: 0x0000000007808744 | 44 87 80 07 00 00 00 00
stack at sp + 7 slots: 0x0 is NULL


---------------  P R O C E S S  ---------------

Threads class SMR info:
_java_thread_list=0x0000023513272110, length=35, elements={
0x0000023512825be0, 0x00000235128268d0, 0x000002351283ec00, 0x000002351283fce0,
0x00000235128426b0, 0x00000235131590a0, 0x0000023513161ab0, 0x0000023513237bc0,
0x00000235134bba50, 0x00000235134bbf20, 0x00000235139ced00, 0x0000023513d91c80,
0x0000023513d93e30, 0x0000023513d92af0, 0x0000023513d93490, 0x0000023513d94300,
0x0000023513d94ca0, 0x000002351525d6e0, 0x0000023515261a40, 0x000002351525f890,
0x000002351525c870, 0x0000023515260700, 0x00000235152623e0, 0x00000235152628b0,
0x000002351525b530, 0x000002351525b060, 0x000002351525cd40, 0x0000023515260bd0,
0x000002351525d210, 0x00000235152610a0, 0x000002351525ba00, 0x0000023515261f10,
0x000002351525e550, 0x000002351525bed0, 0x000002351525dbb0
}

Java Threads: ( => current thread )
  0x0000023512825be0 JavaThread "Reference Handler" daemon [_thread_blocked, id=10288, stack(0x000000e4dd200000,0x000000e4dd300000)]
  0x00000235128268d0 JavaThread "Finalizer" daemon [_thread_blocked, id=2044, stack(0x000000e4dd300000,0x000000e4dd400000)]
  0x000002351283ec00 JavaThread "Signal Dispatcher" daemon [_thread_blocked, id=15776, stack(0x000000e4dd400000,0x000000e4dd500000)]
  0x000002351283fce0 JavaThread "Attach Listener" daemon [_thread_blocked, id=7588, stack(0x000000e4dd500000,0x000000e4dd600000)]
  0x00000235128426b0 JavaThread "Service Thread" daemon [_thread_blocked, id=12604, stack(0x000000e4dd600000,0x000000e4dd700000)]
  0x00000235131590a0 JavaThread "C1 CompilerThread0" daemon [_thread_blocked, id=660, stack(0x000000e4dd700000,0x000000e4dd800000)]
  0x0000023513161ab0 JavaThread "Sweeper thread" daemon [_thread_blocked, id=13968, stack(0x000000e4dd800000,0x000000e4dd900000)]
  0x0000023513237bc0 JavaThread "Common-Cleaner" daemon [_thread_blocked, id=1968, stack(0x000000e4dd900000,0x000000e4dda00000)]
  0x00000235134bba50 JavaThread "Monitor Ctrl-Break" daemon [_thread_in_native, id=11792, stack(0x000000e4dda00000,0x000000e4ddb00000)]
  0x00000235134bbf20 JavaThread "Notification Thread" daemon [_thread_blocked, id=908, stack(0x000000e4ddb00000,0x000000e4ddc00000)]
  0x00000235139ced00 JavaThread "RMI TCP Accept-0" daemon [_thread_in_native, id=14432, stack(0x000000e4ddc00000,0x000000e4ddd00000)]
  0x0000023513d91c80 JavaThread "RMI TCP Connection(idle)" daemon [_thread_blocked, id=2900, stack(0x000000e4de700000,0x000000e4de800000)]
  0x0000023513d93e30 JavaThread "RMI Scheduler(0)" daemon [_thread_blocked, id=16112, stack(0x000000e4dea00000,0x000000e4deb00000)]
  0x0000023513d92af0 JavaThread "mysql-cj-abandoned-connection-cleanup" daemon [_thread_blocked, id=1408, stack(0x000000e4deb00000,0x000000e4dec00000)]
  0x0000023513d93490 JavaThread "HikariPool-1 housekeeper" daemon [_thread_blocked, id=12072, stack(0x000000e4ded00000,0x000000e4dee00000)]
  0x0000023513d94300 JavaThread "Catalina-utility-1" [_thread_blocked, id=10748, stack(0x000000e4dee00000,0x000000e4def00000)]
  0x0000023513d94ca0 JavaThread "Catalina-utility-2" [_thread_blocked, id=4028, stack(0x000000e4def00000,0x000000e4df000000)]
  0x000002351525d6e0 JavaThread "container-0" [_thread_blocked, id=12276, stack(0x000000e4df000000,0x000000e4df100000)]
  0x0000023515261a40 JavaThread "File Watcher" daemon [_thread_blocked, id=7052, stack(0x000000e4df200000,0x000000e4df300000)]
  0x000002351525f890 JavaThread "Live Reload Server" daemon [_thread_in_native, id=4692, stack(0x000000e4df400000,0x000000e4df500000)]
  0x000002351525c870 JavaThread "http-nio-8080-BlockPoller" daemon [_thread_in_native, id=5708, stack(0x000000e4df300000,0x000000e4df400000)]
  0x0000023515260700 JavaThread "http-nio-8080-exec-1" daemon [_thread_blocked, id=16040, stack(0x000000e4df500000,0x000000e4df600000)]
  0x00000235152623e0 JavaThread "http-nio-8080-exec-2" daemon [_thread_blocked, id=12080, stack(0x000000e4df600000,0x000000e4df700000)]
  0x00000235152628b0 JavaThread "http-nio-8080-exec-3" daemon [_thread_blocked, id=8760, stack(0x000000e4df700000,0x000000e4df800000)]
  0x000002351525b530 JavaThread "http-nio-8080-exec-4" daemon [_thread_blocked, id=7256, stack(0x000000e4df800000,0x000000e4df900000)]
  0x000002351525b060 JavaThread "http-nio-8080-exec-5" daemon [_thread_blocked, id=15860, stack(0x000000e4df900000,0x000000e4dfa00000)]
  0x000002351525cd40 JavaThread "http-nio-8080-exec-6" daemon [_thread_blocked, id=13808, stack(0x000000e4dfa00000,0x000000e4dfb00000)]
  0x0000023515260bd0 JavaThread "http-nio-8080-exec-7" daemon [_thread_blocked, id=13440, stack(0x000000e4dfb00000,0x000000e4dfc00000)]
  0x000002351525d210 JavaThread "http-nio-8080-exec-8" daemon [_thread_blocked, id=15220, stack(0x000000e4dfc00000,0x000000e4dfd00000)]
  0x00000235152610a0 JavaThread "http-nio-8080-exec-9" daemon [_thread_blocked, id=9916, stack(0x000000e4dfd00000,0x000000e4dfe00000)]
  0x000002351525ba00 JavaThread "http-nio-8080-exec-10" daemon [_thread_blocked, id=13532, stack(0x000000e4dfe00000,0x000000e4dff00000)]
  0x0000023515261f10 JavaThread "http-nio-8080-ClientPoller" daemon [_thread_in_native, id=3140, stack(0x000000e4dff00000,0x000000e4e0000000)]
  0x000002351525e550 JavaThread "http-nio-8080-Acceptor" daemon [_thread_in_native, id=2128, stack(0x000000e4e0000000,0x000000e4e0100000)]
  0x000002351525bed0 JavaThread "DestroyJavaVM" [_thread_blocked, id=11592, stack(0x000000e4dcb00000,0x000000e4dcc00000)]
  0x000002351525dbb0 JavaThread "RMI TCP Connection(3)-192.168.56.1" daemon [_thread_in_native, id=8108, stack(0x000000e4dde00000,0x000000e4ddf00000)]

Other Threads:
  0x0000023512820520 VMThread "VM Thread" [stack: 0x000000e4dd100000,0x000000e4dd200000] [id=12052]
  0x00000235716022a0 WatcherThread [stack: 0x000000e4ddd00000,0x000000e4dde00000] [id=14680]
  0x0000023571644560 GCTaskThread "GC Thread#0" [stack: 0x000000e4dcc00000,0x000000e4dcd00000] [id=14836]
  0x0000023513ae1d70 GCTaskThread "GC Thread#1" [stack: 0x000000e4de000000,0x000000e4de100000] [id=11324]
  0x0000023513ae3090 GCTaskThread "GC Thread#2" [stack: 0x000000e4de100000,0x000000e4de200000] [id=1928]
  0x0000023513ae2d60 GCTaskThread "GC Thread#3" [stack: 0x000000e4de200000,0x000000e4de300000] [id=3220]
=>0x0000023513ae2a30 GCTaskThread "GC Thread#4" [stack: 0x000000e4de300000,0x000000e4de400000] [id=7312]
  0x0000023513ae23d0 GCTaskThread "GC Thread#5" [stack: 0x000000e4de400000,0x000000e4de500000] [id=16284]
  0x0000023513ae2700 GCTaskThread "GC Thread#6" [stack: 0x000000e4de800000,0x000000e4de900000] [id=15944]
  0x0000023513ae13e0 GCTaskThread "GC Thread#7" [stack: 0x000000e4de900000,0x000000e4dea00000] [id=14488]
  0x00000235716545b0 ConcurrentGCThread "G1 Main Marker" [stack: 0x000000e4dcd00000,0x000000e4dce00000] [id=8728]
  0x0000023571655850 ConcurrentGCThread "G1 Conc#0" [stack: 0x000000e4dce00000,0x000000e4dcf00000] [id=3948]
  0x0000023513ae4a10 ConcurrentGCThread "G1 Conc#1" [stack: 0x000000e4de600000,0x000000e4de700000] [id=14808]
  0x00000235716a7150 ConcurrentGCThread "G1 Refine#0" [stack: 0x000000e4dcf00000,0x000000e4dd000000] [id=11796]
  0x0000023513da0d50 ConcurrentGCThread "G1 Refine#1" [stack: 0x000000e4de500000,0x000000e4de600000] [id=6204]
  0x00000235126b20c0 ConcurrentGCThread "G1 Young RemSet Sampling" [stack: 0x000000e4dd000000,0x000000e4dd100000] [id=6756]

Threads with active compile tasks:
C1 CompilerThread0    12668 4637       1       sun.nio.fs.WindowsPath$WindowsPathWithAttributes::<init> (23 bytes)

VM state: at safepoint (normal execution)

VM Mutex/Monitor currently owned by a thread:  ([mutex/lock_event])
[0x00000235715fd650] Threads_lock - owner thread: 0x0000023512820520
[0x00000235715fde30] Heap_lock - owner thread: 0x0000023515260700

Heap address: 0x0000000740400000, size: 3068 MB, Compressed Oops mode: Zero based, Oop shift amount: 3
CDS archive(s) mapped at: [0x0000000800000000-0x0000000800b50000-0x0000000800b50000), size 11862016, SharedBaseAddress: 0x0000000800000000, ArchiveRelocationMode: 0.
Compressed class space mapped at: 0x0000000800b50000-0x0000000840b50000, size: 1073741824
Narrow klass base: 0x0000000800000000, Narrow klass shift: 3, Narrow klass range: 0x100000000

GC Precious Log:
 CPUs: 8 total, 8 available
 Memory: 12265M
 Large Page Support: Disabled
 NUMA Support: Disabled
 Compressed Oops: Enabled (Zero based)
 Heap Region Size: 2M
 Heap Min Capacity: 8M
 Heap Initial Capacity: 192M
 Heap Max Capacity: 3068M
 Pre-touch: Disabled
 Parallel Workers: 8
 Concurrent Workers: 2
 Concurrent Refinement Workers: 8
 Periodic GC: Disabled

Heap:
 garbage-first heap   total 59392K, used 43510K [0x0000000740400000, 0x0000000800000000)
  region size 2048K, 11 young (22528K), 1 survivors (2048K)
 Metaspace       used 38182K, capacity 38764K, committed 38908K, reserved 1083392K
  class space    used 4983K, capacity 5167K, committed 5196K, reserved 1048576K

Heap Regions: E=young(eden), S=young(survivor), O=old, HS=humongous(starts), HC=humongous(continues), CS=collection set, F=free, OA=open archive, CA=closed archive, TAMS=top-at-mark-start (previous, next)
|   0|0x0000000740400000, 0x0000000740600000, 0x0000000740600000|100%| O|  |TAMS 0x0000000740600000, 0x0000000740400000| Untracked 
|   1|0x0000000740600000, 0x0000000740800000, 0x0000000740800000|100%| O|  |TAMS 0x0000000740800000, 0x0000000740600000| Untracked 
|   2|0x0000000740800000, 0x0000000740967800, 0x0000000740a00000| 70%| O|  |TAMS 0x0000000740967800, 0x0000000740800000| Untracked 
|   3|0x0000000740a00000, 0x0000000740c00000, 0x0000000740c00000|100%| O|  |TAMS 0x0000000740c00000, 0x0000000740a00000| Untracked 
|   4|0x0000000740c00000, 0x0000000740e00000, 0x0000000740e00000|100%| O|  |TAMS 0x0000000740e00000, 0x0000000740c00000| Untracked 
|   5|0x0000000740e00000, 0x0000000741000000, 0x0000000741000000|100%| O|  |TAMS 0x0000000741000000, 0x0000000740e00000| Untracked 
|   6|0x0000000741000000, 0x0000000741200000, 0x0000000741200000|100%| O|  |TAMS 0x0000000741200000, 0x0000000741000000| Untracked 
|   7|0x0000000741200000, 0x0000000741400000, 0x0000000741400000|100%| O|  |TAMS 0x0000000741400000, 0x0000000741200000| Untracked 
|   8|0x0000000741400000, 0x0000000741600000, 0x0000000741600000|100%| O|  |TAMS 0x0000000741600000, 0x0000000741400000| Untracked 
|   9|0x0000000741600000, 0x0000000741800000, 0x0000000741800000|100%| O|  |TAMS 0x0000000741775e00, 0x0000000741600000| Untracked 
|  10|0x0000000741800000, 0x0000000741a00000, 0x0000000741a00000|100%| O|  |TAMS 0x0000000741800000, 0x0000000741800000| Untracked 
|  11|0x0000000741a00000, 0x0000000741afafc8, 0x0000000741c00000| 49%| O|  |TAMS 0x0000000741a00000, 0x0000000741a00000| Untracked 
|  12|0x0000000741c00000, 0x0000000741c00000, 0x0000000741e00000|  0%| F|  |TAMS 0x0000000741c00000, 0x0000000741c00000| Untracked 
|  13|0x0000000741e00000, 0x0000000741e00000, 0x0000000742000000|  0%| F|  |TAMS 0x0000000741e00000, 0x0000000741e00000| Untracked 
|  14|0x0000000742000000, 0x0000000742000000, 0x0000000742200000|  0%| F|  |TAMS 0x0000000742000000, 0x0000000742000000| Untracked 
|  15|0x0000000742200000, 0x00000007423a03c0, 0x0000000742400000| 81%| E|CS|TAMS 0x0000000742200000, 0x0000000742200000| Complete 
|  16|0x0000000742400000, 0x0000000742600000, 0x0000000742600000|100%| E|CS|TAMS 0x0000000742400000, 0x0000000742400000| Complete 
|  17|0x0000000742600000, 0x0000000742600000, 0x0000000742800000|  0%| F|  |TAMS 0x0000000742600000, 0x0000000742600000| Untracked 
|  18|0x0000000742800000, 0x00000007429e65e0, 0x0000000742a00000| 94%| S|  |TAMS 0x0000000742800000, 0x0000000742800000| Complete 
|  19|0x0000000742a00000, 0x0000000742c00000, 0x0000000742c00000|100%| E|CS|TAMS 0x0000000742a00000, 0x0000000742a00000| Complete 
|  20|0x0000000742c00000, 0x0000000742e00000, 0x0000000742e00000|100%| E|CS|TAMS 0x0000000742c00000, 0x0000000742c00000| Complete 
|  21|0x0000000742e00000, 0x0000000743000000, 0x0000000743000000|100%| E|CS|TAMS 0x0000000742e00000, 0x0000000742e00000| Complete 
|  22|0x0000000743000000, 0x0000000743200000, 0x0000000743200000|100%| E|CS|TAMS 0x0000000743000000, 0x0000000743000000| Complete 
|  23|0x0000000743200000, 0x0000000743400000, 0x0000000743400000|100%| E|CS|TAMS 0x0000000743200000, 0x0000000743200000| Complete 
|  24|0x0000000743400000, 0x0000000743600000, 0x0000000743600000|100%| E|CS|TAMS 0x0000000743400000, 0x0000000743400000| Complete 
|  83|0x000000074aa00000, 0x000000074ac00000, 0x000000074ac00000|100%| E|CS|TAMS 0x000000074aa00000, 0x000000074aa00000| Complete 
|  84|0x000000074ac00000, 0x000000074ae00000, 0x000000074ae00000|100%| E|CS|TAMS 0x000000074ac00000, 0x000000074ac00000| Complete 
|  85|0x000000074ae00000, 0x000000074b000000, 0x000000074b000000|100%| E|CS|TAMS 0x000000074ae00000, 0x000000074ae00000| Complete 
|  95|0x000000074c200000, 0x000000074c400000, 0x000000074c400000|100%| E|CS|TAMS 0x000000074c200000, 0x000000074c200000| Complete 

Card table byte_map: [0x000002357a150000,0x000002357a750000] _byte_map_base: 0x000002357674e000

Marking Bits (Prev, Next): (CMBitMap*) 0x0000023571647c90, (CMBitMap*) 0x0000023571647cd0
 Prev Bits: [0x000002357ad50000, 0x000002357dd40000)
 Next Bits: [0x000002350f000000, 0x0000023511ff0000)

Polling page: 0x000002356f510000

Metaspace:

Usage:
  Non-class:     32.81 MB capacity,    32.42 MB ( 99%) used,   337.89 KB (  1%) free+waste,    60.00 KB ( <1%) overhead. 
      Class:      5.05 MB capacity,     4.87 MB ( 96%) used,   158.84 KB (  3%) free+waste,    24.75 KB ( <1%) overhead. 
       Both:     37.86 MB capacity,    37.29 MB ( 98%) used,   496.73 KB (  1%) free+waste,    84.75 KB ( <1%) overhead. 

Virtual space:
  Non-class space:       34.00 MB reserved,      32.92 MB ( 97%) committed 
      Class space:        1.00 GB reserved,       5.07 MB ( <1%) committed 
             Both:        1.03 GB reserved,      38.00 MB (  4%) committed 

Chunk freelists:
   Non-Class:  51.00 KB
       Class:  17.00 KB
        Both:  68.00 KB

MaxMetaspaceSize: 17179869184.00 GB
CompressedClassSpaceSize: 1.00 GB

CodeHeap 'non-profiled nmethods': size=238336Kb used=7327Kb max_used=7327Kb free=231008Kb
 bounds [0x0000023500740000, 0x0000023500e70000, 0x000002350f000000]
CodeHeap 'non-nmethods': size=7424Kb used=1276Kb max_used=1276Kb free=6147Kb
 bounds [0x0000023500000000, 0x0000023500270000, 0x0000023500740000]
 total_blobs=5204 nmethods=4639 adapters=492
 compilation: enabled
              stopped_count=0, restarted_count=0
 full_count=0

Compilation events (20 events):
Event: 12.531 Thread 0x00000235131590a0 nmethod 4626 0x0000023500e62610 code [0x0000023500e62880, 0x0000023500e63a98]
Event: 12.548 Thread 0x00000235131590a0 4631       1       org.apache.tomcat.util.http.MimeHeaderField::getName (5 bytes)
Event: 12.548 Thread 0x00000235131590a0 nmethod 4631 0x0000023500e64f90 code [0x0000023500e65120, 0x0000023500e651d8]
Event: 12.549 Thread 0x00000235131590a0 4632       1       javax.servlet.ServletRequestWrapper::getRequest (5 bytes)
Event: 12.549 Thread 0x00000235131590a0 nmethod 4632 0x0000023500e65290 code [0x0000023500e65420, 0x0000023500e654d8]
Event: 12.551 Thread 0x00000235131590a0 4633       1       org.apache.tomcat.util.buf.Ascii::toLower (14 bytes)
Event: 12.551 Thread 0x00000235131590a0 nmethod 4633 0x0000023500e65590 code [0x0000023500e65720, 0x0000023500e657f8]
Event: 12.583 Thread 0x00000235131590a0 4634   !   1       sun.nio.fs.WindowsDirectoryStream$WindowsDirectoryIterator::acceptEntry (71 bytes)
Event: 12.583 Thread 0x00000235131590a0 nmethod 4634 0x0000023500e65910 code [0x0000023500e65b20, 0x0000023500e65fb8]
Event: 12.583 Thread 0x00000235131590a0 4635   !   1       sun.nio.fs.WindowsPath::createFromNormalizedPath (65 bytes)
Event: 12.584 Thread 0x00000235131590a0 nmethod 4635 0x0000023500e66290 code [0x0000023500e66480, 0x0000023500e66b78]
Event: 12.584 Thread 0x00000235131590a0 4636       1       sun.nio.fs.WindowsPathParser::parseNormalizedPath (6 bytes)
Event: 12.584 Thread 0x00000235131590a0 nmethod 4636 0x0000023500e66e90 code [0x0000023500e67020, 0x0000023500e670e8]
Event: 12.584 Thread 0x00000235131590a0 4638       1       sun.nio.fs.WindowsDirectoryStream$WindowsDirectoryIterator::next (5 bytes)
Event: 12.584 Thread 0x00000235131590a0 nmethod 4638 0x0000023500e67190 code [0x0000023500e67320, 0x0000023500e673e8]
Event: 12.584 Thread 0x00000235131590a0 4639  s    1       sun.nio.fs.WindowsDirectoryStream$WindowsDirectoryIterator::next (48 bytes)
Event: 12.584 Thread 0x00000235131590a0 nmethod 4639 0x0000023500e67490 code [0x0000023500e67640, 0x0000023500e678f8]
Event: 12.584 Thread 0x00000235131590a0 4640       1       java.nio.file.Files$AcceptAllFilter::accept (9 bytes)
Event: 12.584 Thread 0x00000235131590a0 nmethod 4640 0x0000023500e67a10 code [0x0000023500e67ba0, 0x0000023500e67cb8]
Event: 12.584 Thread 0x00000235131590a0 4637       1       sun.nio.fs.WindowsPath$WindowsPathWithAttributes::<init> (23 bytes)

GC Heap History (19 events):
Event: 0.766 GC heap before
{Heap before GC invocations=0 (full 0):
 garbage-first heap   total 196608K, used 22528K [0x0000000740400000, 0x0000000800000000)
  region size 2048K, 11 young (22528K), 0 survivors (0K)
 Metaspace       used 6674K, capacity 6855K, committed 7040K, reserved 1056768K
  class space    used 803K, capacity 872K, committed 896K, reserved 1048576K
}
Event: 0.773 GC heap after
{Heap after GC invocations=1 (full 0):
 garbage-first heap   total 196608K, used 5433K [0x0000000740400000, 0x0000000800000000)
  region size 2048K, 2 young (4096K), 2 survivors (4096K)
 Metaspace       used 6674K, capacity 6855K, committed 7040K, reserved 1056768K
  class space    used 803K, capacity 872K, committed 896K, reserved 1048576K
}
Event: 1.077 GC heap before
{Heap before GC invocations=1 (full 0):
 garbage-first heap   total 196608K, used 25913K [0x0000000740400000, 0x0000000800000000)
  region size 2048K, 13 young (26624K), 2 survivors (4096K)
 Metaspace       used 11558K, capacity 11829K, committed 11904K, reserved 1058816K
  class space    used 1564K, capacity 1647K, committed 1664K, reserved 1048576K
}
Event: 1.085 GC heap after
{Heap after GC invocations=2 (full 0):
 garbage-first heap   total 196608K, used 7415K [0x0000000740400000, 0x0000000800000000)
  region size 2048K, 1 young (2048K), 1 survivors (2048K)
 Metaspace       used 11558K, capacity 11829K, committed 11904K, reserved 1058816K
  class space    used 1564K, capacity 1647K, committed 1664K, reserved 1048576K
}
Event: 1.740 GC heap before
{Heap before GC invocations=2 (full 0):
 garbage-first heap   total 196608K, used 56567K [0x0000000740400000, 0x0000000800000000)
  region size 2048K, 25 young (51200K), 1 survivors (2048K)
 Metaspace       used 18412K, capacity 18806K, committed 19072K, reserved 1064960K
  class space    used 2449K, capacity 2582K, committed 2688K, reserved 1048576K
}
Event: 1.746 GC heap after
{Heap after GC invocations=3 (full 0):
 garbage-first heap   total 196608K, used 9772K [0x0000000740400000, 0x0000000800000000)
  region size 2048K, 3 young (6144K), 3 survivors (6144K)
 Metaspace       used 18412K, capacity 18806K, committed 19072K, reserved 1064960K
  class space    used 2449K, capacity 2582K, committed 2688K, reserved 1048576K
}
Event: 2.061 GC heap before
{Heap before GC invocations=3 (full 0):
 garbage-first heap   total 196608K, used 28204K [0x0000000740400000, 0x0000000800000000)
  region size 2048K, 13 young (26624K), 3 survivors (6144K)
 Metaspace       used 20775K, capacity 21164K, committed 21296K, reserved 1067008K
  class space    used 2785K, capacity 2916K, committed 2944K, reserved 1048576K
}
Event: 2.068 GC heap after
{Heap after GC invocations=4 (full 0):
 garbage-first heap   total 196608K, used 11021K [0x0000000740400000, 0x0000000800000000)
  region size 2048K, 3 young (6144K), 3 survivors (6144K)
 Metaspace       used 20775K, capacity 21164K, committed 21296K, reserved 1067008K
  class space    used 2785K, capacity 2916K, committed 2944K, reserved 1048576K
}
Event: 2.434 GC heap before
{Heap before GC invocations=5 (full 0):
 garbage-first heap   total 49152K, used 33549K [0x0000000740400000, 0x0000000800000000)
  region size 2048K, 14 young (28672K), 3 survivors (6144K)
 Metaspace       used 24327K, capacity 24803K, committed 24956K, reserved 1071104K
  class space    used 3252K, capacity 3415K, committed 3532K, reserved 1048576K
}
Event: 2.442 GC heap after
{Heap after GC invocations=6 (full 0):
 garbage-first heap   total 59392K, used 13246K [0x0000000740400000, 0x0000000800000000)
  region size 2048K, 2 young (4096K), 2 survivors (4096K)
 Metaspace       used 24327K, capacity 24803K, committed 24956K, reserved 1071104K
  class space    used 3252K, capacity 3415K, committed 3532K, reserved 1048576K
}
Event: 2.893 GC heap before
{Heap before GC invocations=6 (full 0):
 garbage-first heap   total 59392K, used 39870K [0x0000000740400000, 0x0000000800000000)
  region size 2048K, 16 young (32768K), 2 survivors (4096K)
 Metaspace       used 30815K, capacity 31340K, committed 31612K, reserved 1077248K
  class space    used 3983K, capacity 4161K, committed 4300K, reserved 1048576K
}
Event: 2.901 GC heap after
{Heap after GC invocations=7 (full 0):
 garbage-first heap   total 59392K, used 17055K [0x0000000740400000, 0x0000000800000000)
  region size 2048K, 2 young (4096K), 2 survivors (4096K)
 Metaspace       used 30815K, capacity 31340K, committed 31612K, reserved 1077248K
  class space    used 3983K, capacity 4161K, committed 4300K, reserved 1048576K
}
Event: 3.140 GC heap before
{Heap before GC invocations=7 (full 0):
 garbage-first heap   total 59392K, used 39583K [0x0000000740400000, 0x0000000800000000)
  region size 2048K, 14 young (28672K), 2 survivors (4096K)
 Metaspace       used 33036K, capacity 33529K, committed 33660K, reserved 1079296K
  class space    used 4274K, capacity 4458K, committed 4556K, reserved 1048576K
}
Event: 3.144 GC heap after
{Heap after GC invocations=8 (full 0):
 garbage-first heap   total 59392K, used 19503K [0x0000000740400000, 0x0000000800000000)
  region size 2048K, 2 young (4096K), 2 survivors (4096K)
 Metaspace       used 33036K, capacity 33529K, committed 33660K, reserved 1079296K
  class space    used 4274K, capacity 4458K, committed 4556K, reserved 1048576K
}
Event: 3.255 GC heap before
{Heap before GC invocations=8 (full 0):
 garbage-first heap   total 59392K, used 39983K [0x0000000740400000, 0x0000000800000000)
  region size 2048K, 12 young (24576K), 2 survivors (4096K)
 Metaspace       used 34061K, capacity 34519K, committed 34812K, reserved 1079296K
  class space    used 4424K, capacity 4593K, committed 4684K, reserved 1048576K
}
Event: 3.258 GC heap after
{Heap after GC invocations=9 (full 0):
 garbage-first heap   total 59392K, used 21039K [0x0000000740400000, 0x0000000800000000)
  region size 2048K, 1 young (2048K), 1 survivors (2048K)
 Metaspace       used 34061K, capacity 34519K, committed 34812K, reserved 1079296K
  class space    used 4424K, capacity 4593K, committed 4684K, reserved 1048576K
}
Event: 3.442 GC heap before
{Heap before GC invocations=9 (full 0):
 garbage-first heap   total 59392K, used 39471K [0x0000000740400000, 0x0000000800000000)
  region size 2048K, 12 young (24576K), 1 survivors (2048K)
 Metaspace       used 35403K, capacity 35939K, committed 35964K, reserved 1081344K
  class space    used 4609K, capacity 4788K, committed 4812K, reserved 1048576K
}
Event: 3.445 GC heap after
{Heap after GC invocations=10 (full 0):
 garbage-first heap   total 59392K, used 23030K [0x0000000740400000, 0x0000000800000000)
  region size 2048K, 2 young (4096K), 2 survivors (4096K)
 Metaspace       used 35403K, capacity 35939K, committed 35964K, reserved 1081344K
  class space    used 4609K, capacity 4788K, committed 4812K, reserved 1048576K
}
Event: 12.584 GC heap before
{Heap before GC invocations=11 (full 0):
 garbage-first heap   total 59392K, used 43510K [0x0000000740400000, 0x0000000800000000)
  region size 2048K, 12 young (24576K), 2 survivors (4096K)
 Metaspace       used 38182K, capacity 38764K, committed 38908K, reserved 1083392K
  class space    used 4983K, capacity 5167K, committed 5196K, reserved 1048576K
}

Deoptimization events (2 events):
Event: 3.273 Thread 0x0000023513d7c490 DEOPT PACKING pc=0x00000235009aa182 sp=0x000000e4ddffb9c0
Event: 3.273 Thread 0x0000023513d7c490 DEOPT UNPACKING pc=0x000002350004e23f sp=0x000000e4ddffaec8 mode 3

Classes unloaded (0 events):
No events

Classes redefined (0 events):
No events

Internal exceptions (20 events):
Event: 3.157 Thread 0x0000023513d7c490 Exception <a 'java/lang/ClassNotFoundException'{0x000000074c38d8f0}: org/springframework/context/ApplicationContextAwareCustomizer> (0x000000074c38d8f0) 
thrown [./open/src/hotspot/share/classfile/systemDictionary.cpp, line 295]
Event: 3.158 Thread 0x0000023513d7c490 Exception <a 'java/lang/ClassNotFoundException'{0x000000074c393a50}: org/springframework/beans/factory/AwareCustomizer> (0x000000074c393a50) 
thrown [./open/src/hotspot/share/classfile/systemDictionary.cpp, line 295]
Event: 3.158 Thread 0x0000023513d7c490 Exception <a 'java/lang/ClassNotFoundException'{0x000000074c398a48}: org/springframework/web/context/ServletContextAwareCustomizer> (0x000000074c398a48) 
thrown [./open/src/hotspot/share/classfile/systemDictionary.cpp, line 295]
Event: 3.158 Thread 0x0000023513d7c490 Exception <a 'java/lang/ClassNotFoundException'{0x000000074c39e858}: org/springframework/beans/factory/AwareCustomizer> (0x000000074c39e858) 
thrown [./open/src/hotspot/share/classfile/systemDictionary.cpp, line 295]
Event: 3.176 Thread 0x0000023513d91c80 Exception <a 'java/lang/reflect/InvocationTargetException'{0x000000074ad67ca0}> (0x000000074ad67ca0) 
thrown [./open/src/hotspot/share/runtime/reflection.cpp, line 1157]
Event: 3.197 Thread 0x0000023513d7c490 Exception <a 'java/lang/ClassNotFoundException'{0x00000007434765d8}: java/lang/ObjectCustomizer> (0x00000007434765d8) 
thrown [./open/src/hotspot/share/classfile/systemDictionary.cpp, line 295]
Event: 3.197 Thread 0x0000023513d7c490 Exception <a 'java/lang/ClassNotFoundException'{0x000000074347e808}: org/springframework/security/config/annotation/web/configuration/WebSecurityConfigurationCustomizer> (0x000000074347e808) 
thrown [./open/src/hotspot/share/classfile/systemDictionary.cpp, line 295]
Event: 3.198 Thread 0x0000023513d7c490 Exception <a 'java/lang/ClassNotFoundException'{0x000000074348d870}: org/springframework/context/annotation/ImportAwareCustomizer> (0x000000074348d870) 
thrown [./open/src/hotspot/share/classfile/systemDictionary.cpp, line 295]
Event: 3.198 Thread 0x0000023513d7c490 Exception <a 'java/lang/ClassNotFoundException'{0x0000000743492a78}: org/springframework/beans/factory/AwareCustomizer> (0x0000000743492a78) 
thrown [./open/src/hotspot/share/classfile/systemDictionary.cpp, line 295]
Event: 3.199 Thread 0x0000023513d7c490 Exception <a 'java/lang/ClassNotFoundException'{0x000000074352d2d8}: org/springframework/beans/factory/BeanClassLoaderAwareCustomizer> (0x000000074352d2d8) 
thrown [./open/src/hotspot/share/classfile/systemDictionary.cpp, line 295]
Event: 3.199 Thread 0x0000023513d7c490 Exception <a 'java/lang/ClassNotFoundException'{0x00000007435324f0}: org/springframework/beans/factory/AwareCustomizer> (0x00000007435324f0) 
thrown [./open/src/hotspot/share/classfile/systemDictionary.cpp, line 295]
Event: 3.316 Thread 0x0000023513d7c490 Exception <a 'java/lang/NoSuchMethodError'{0x00000007432443f8}: 'java.lang.Object java.lang.invoke.DirectMethodHandle$Holder.invokeInterface(java.lang.Object, java.lang.Object, java.lang.Object, java.lang.Object)'> (0x00000007432443f8) 
thrown [./open/src/hotspot/share/interpreter/linkResolver.cpp, line 782]
Event: 3.403 Thread 0x0000023513d7c490 Exception <a 'java/lang/NoSuchMethodError'{0x0000000742aa3ab0}: 'void java.lang.invoke.DirectMethodHandle$Holder.invokeVirtual(java.lang.Object, java.lang.Object, int)'> (0x0000000742aa3ab0) 
thrown [./open/src/hotspot/share/interpreter/linkResolver.cpp, line 782]
Event: 3.491 Thread 0x0000023513d7c490 Exception <a 'java/lang/IncompatibleClassChangeError'{0x000000074c3e2850}: Found class java.lang.Object, but interface was expected> (0x000000074c3e2850) 
thrown [./open/src/hotspot/share/interpreter/linkResolver.cpp, line 848]
Event: 3.678 Thread 0x0000023513d7c490 Exception <a 'sun/nio/fs/WindowsException'{0x00000007430709a8}> (0x00000007430709a8) 
thrown [./open/src/hotspot/share/prims/jni.cpp, line 578]
Event: 12.536 Thread 0x0000023515260700 Exception <a 'java/lang/NoSuchMethodError'{0x0000000742ae1900}: 'void java.lang.invoke.DirectMethodHandle$Holder.invokeStaticInit(java.lang.Object, java.lang.Object, java.lang.Object)'> (0x0000000742ae1900) 
thrown [./open/src/hotspot/share/interpreter/linkResolver.cpp, line 782]
Event: 12.543 Thread 0x0000023515260700 Exception <a 'java/lang/NoSuchMethodError'{0x0000000742b2d298}: 'java.lang.Object java.lang.invoke.DirectMethodHandle$Holder.invokeStatic(java.lang.Object, int, java.lang.Object, java.lang.Object)'> (0x0000000742b2d298) 
thrown [./open/src/hotspot/share/interpreter/linkResolver.cpp, line 782]
Event: 12.543 Thread 0x0000023515260700 Exception <a 'java/lang/NoSuchMethodError'{0x0000000742b351d8}: 'java.lang.Object java.lang.invoke.DirectMethodHandle$Holder.newInvokeSpecial(java.lang.Object, int, java.lang.Object, java.lang.Object)'> (0x0000000742b351d8) 
thrown [./open/src/hotspot/share/interpreter/linkResolver.cpp, line 782]
Event: 12.544 Thread 0x0000023515260700 Exception <a 'java/lang/NoSuchMethodError'{0x0000000742b398b8}: 'java.lang.Object java.lang.invoke.DirectMethodHandle$Holder.invokeSpecial(java.lang.Object, java.lang.Object, int, java.lang.Object, java.lang.Object)'> (0x0000000742b398b8) 
thrown [./open/src/hotspot/share/interpreter/linkResolver.cpp, line 782]
Event: 12.547 Thread 0x0000023515260700 Exception <a 'java/lang/NoSuchMethodError'{0x0000000742b7bef8}: 'int java.lang.invoke.DirectMethodHandle$Holder.invokeSpecialIFC(java.lang.Object, java.lang.Object, java.lang.Object, java.lang.Object, java.lang.Object)'> (0x0000000742b7bef8) 
thrown [./open/src/hotspot/share/interpreter/linkResolver.cpp, line 782]

Events (20 events):
Event: 8.339 Thread 0x000002351525eef0 Thread exited: 0x000002351525eef0
Event: 12.470 loading class java/util/concurrent/Semaphore
Event: 12.470 loading class java/util/concurrent/Semaphore done
Event: 12.470 loading class java/util/concurrent/Semaphore$NonfairSync
Event: 12.470 loading class java/util/concurrent/Semaphore$Sync
Event: 12.470 loading class java/util/concurrent/Semaphore$Sync done
Event: 12.470 loading class java/util/concurrent/Semaphore$NonfairSync done
Event: 12.472 loading class java/lang/invoke/ConstantBootstraps
Event: 12.473 loading class java/lang/invoke/ConstantBootstraps done
Event: 12.473 loading class sun/nio/ch/WindowsSelectorImpl$MapEntry
Event: 12.473 loading class sun/nio/ch/WindowsSelectorImpl$MapEntry done
Event: 12.495 loading class java/io/StringReader
Event: 12.496 loading class java/io/StringReader done
Event: 12.502 Executing VM operation: HandshakeAllThreads
Event: 12.502 Executing VM operation: HandshakeAllThreads done
Event: 12.553 loading class sun/security/provider/SecureRandom
Event: 12.553 loading class sun/security/provider/SecureRandom done
Event: 12.553 loading class sun/security/provider/SecureRandom$SeederHolder
Event: 12.553 loading class sun/security/provider/SecureRandom$SeederHolder done
Event: 12.584 Executing VM operation: G1CollectForAllocation


Dynamic libraries:
0x00007ff6c45b0000 - 0x00007ff6c45bf000 	F:\Udacity\jdkinstalled\bin\java.exe
0x00007ffaca9c0000 - 0x00007ffacabb0000 	C:\WINDOWS\SYSTEM32\ntdll.dll
0x00007ffac90b0000 - 0x00007ffac9162000 	C:\WINDOWS\System32\KERNEL32.DLL
0x00007ffac7db0000 - 0x00007ffac8055000 	C:\WINDOWS\System32\KERNELBASE.dll
0x00007ffac7c90000 - 0x00007ffac7d8a000 	C:\WINDOWS\System32\ucrtbase.dll
0x00007ffac0b70000 - 0x00007ffac0b88000 	F:\Udacity\jdkinstalled\bin\jli.dll
0x00007ffac0b90000 - 0x00007ffac0ba9000 	F:\Udacity\jdkinstalled\bin\VCRUNTIME140.dll
0x00007ffac9580000 - 0x00007ffac9623000 	C:\WINDOWS\System32\ADVAPI32.dll
0x00007ffac9770000 - 0x00007ffac980e000 	C:\WINDOWS\System32\msvcrt.dll
0x00007ffac8c20000 - 0x00007ffac8cb7000 	C:\WINDOWS\System32\sechost.dll
0x00007ffac9630000 - 0x00007ffac9750000 	C:\WINDOWS\System32\RPCRT4.dll
0x00007ffac9170000 - 0x00007ffac9304000 	C:\WINDOWS\System32\USER32.dll
0x00007ffaba7b0000 - 0x00007ffabaa34000 	C:\WINDOWS\WinSxS\amd64_microsoft.windows.common-controls_6595b64144ccf1df_6.0.18362.1256_none_9e7e379be45e40e2\COMCTL32.dll
0x00007ffac8a10000 - 0x00007ffac8a31000 	C:\WINDOWS\System32\win32u.dll
0x00007ffac93a0000 - 0x00007ffac93c6000 	C:\WINDOWS\System32\GDI32.dll
0x00007ffaca5e0000 - 0x00007ffaca916000 	C:\WINDOWS\System32\combase.dll
0x00007ffac80e0000 - 0x00007ffac8276000 	C:\WINDOWS\System32\gdi32full.dll
0x00007ffac7c00000 - 0x00007ffac7c81000 	C:\WINDOWS\System32\bcryptPrimitives.dll
0x00007ffac7a10000 - 0x00007ffac7aae000 	C:\WINDOWS\System32\msvcp_win.dll
0x00007ffabf3b0000 - 0x00007ffabf3ba000 	C:\WINDOWS\SYSTEM32\VERSION.dll
0x00007ffac9080000 - 0x00007ffac90ae000 	C:\WINDOWS\System32\IMM32.DLL
0x00007ffabf5d0000 - 0x00007ffabf5dc000 	F:\Udacity\jdkinstalled\bin\vcruntime140_1.dll
0x00007ffaa1c00000 - 0x00007ffaa1c91000 	F:\Udacity\jdkinstalled\bin\msvcp140.dll
0x00007ffa7fa30000 - 0x00007ffa8058e000 	F:\Udacity\jdkinstalled\bin\server\jvm.dll
0x00007ffac98c0000 - 0x00007ffac98c8000 	C:\WINDOWS\System32\PSAPI.DLL
0x00007ffac4a80000 - 0x00007ffac4a89000 	C:\WINDOWS\SYSTEM32\WSOCK32.dll
0x00007ffac57f0000 - 0x00007ffac5814000 	C:\WINDOWS\SYSTEM32\WINMM.dll
0x00007ffac9510000 - 0x00007ffac957f000 	C:\WINDOWS\System32\WS2_32.dll
0x00007ffac57c0000 - 0x00007ffac57ed000 	C:\WINDOWS\SYSTEM32\WINMMBASE.dll
0x00007ffac8060000 - 0x00007ffac80aa000 	C:\WINDOWS\System32\cfgmgr32.dll
0x00007ffac7950000 - 0x00007ffac7961000 	C:\WINDOWS\System32\kernel.appcore.dll
0x00007ffabe230000 - 0x00007ffabe23a000 	F:\Udacity\jdkinstalled\bin\jimage.dll
0x00007ffab4160000 - 0x00007ffab4354000 	C:\WINDOWS\SYSTEM32\DBGHELP.DLL
0x00007ffab4070000 - 0x00007ffab409a000 	C:\WINDOWS\SYSTEM32\dbgcore.DLL
0x00007ffac35c0000 - 0x00007ffac35ce000 	F:\Udacity\jdkinstalled\bin\instrument.dll
0x00007ffabddb0000 - 0x00007ffabddd5000 	F:\Udacity\jdkinstalled\bin\java.dll
0x00007ffac98d0000 - 0x00007ffac9fb7000 	C:\WINDOWS\System32\SHELL32.dll
0x00007ffac9810000 - 0x00007ffac98b9000 	C:\WINDOWS\System32\shcore.dll
0x00007ffac8280000 - 0x00007ffac8a01000 	C:\WINDOWS\System32\windows.storage.dll
0x00007ffac79e0000 - 0x00007ffac7a03000 	C:\WINDOWS\System32\profapi.dll
0x00007ffac7970000 - 0x00007ffac79ba000 	C:\WINDOWS\System32\powrprof.dll
0x00007ffac7940000 - 0x00007ffac7950000 	C:\WINDOWS\System32\UMPDC.dll
0x00007ffac8f50000 - 0x00007ffac8fa2000 	C:\WINDOWS\System32\shlwapi.dll
0x00007ffac7d90000 - 0x00007ffac7da7000 	C:\WINDOWS\System32\cryptsp.dll
0x00007ffab52c0000 - 0x00007ffab52d8000 	F:\Udacity\jdkinstalled\bin\zip.dll
0x00007ffaba4c0000 - 0x00007ffaba4d9000 	F:\Udacity\jdkinstalled\bin\net.dll
0x00007ffac2ec0000 - 0x00007ffac2fb0000 	C:\WINDOWS\SYSTEM32\WINHTTP.dll
0x00007ffac7190000 - 0x00007ffac71f7000 	C:\WINDOWS\system32\mswsock.dll
0x00007ffab80b0000 - 0x00007ffab80c2000 	F:\Udacity\jdkinstalled\bin\nio.dll
0x00007ffac11b0000 - 0x00007ffac11ca000 	C:\Program Files\JetBrains\IntelliJ IDEA 2020.1\bin\breakgen64.dll
0x00007ffac6ee0000 - 0x00007ffac6fab000 	C:\WINDOWS\SYSTEM32\DNSAPI.dll
0x00007ffac9390000 - 0x00007ffac9398000 	C:\WINDOWS\System32\NSI.dll
0x00007ffac6ea0000 - 0x00007ffac6eda000 	C:\WINDOWS\SYSTEM32\IPHLPAPI.DLL
0x00007ffabc730000 - 0x00007ffabc73a000 	C:\Windows\System32\rasadhlp.dll
0x00007ffac1d10000 - 0x00007ffac1d87000 	C:\WINDOWS\System32\fwpuclnt.dll
0x00007ffac80b0000 - 0x00007ffac80d6000 	C:\WINDOWS\System32\bcrypt.dll
0x00007ffab78a0000 - 0x00007ffab78a9000 	F:\Udacity\jdkinstalled\bin\management.dll
0x00007ffab6080000 - 0x00007ffab608b000 	F:\Udacity\jdkinstalled\bin\management_ext.dll
0x00007ffac6d00000 - 0x00007ffac6d33000 	C:\WINDOWS\system32\rsaenh.dll
0x00007ffac7820000 - 0x00007ffac7845000 	C:\WINDOWS\SYSTEM32\USERENV.dll
0x00007ffac7360000 - 0x00007ffac736c000 	C:\WINDOWS\SYSTEM32\CRYPTBASE.dll
0x00007ffac2450000 - 0x00007ffac2466000 	C:\WINDOWS\SYSTEM32\dhcpcsvc6.DLL
0x00007ffac22b0000 - 0x00007ffac22cc000 	C:\WINDOWS\SYSTEM32\dhcpcsvc.DLL
0x00007ffaa19a0000 - 0x00007ffaa19b6000 	C:\WINDOWS\system32\napinsp.dll
0x00007ffaa1520000 - 0x00007ffaa153a000 	C:\WINDOWS\system32\pnrpnsp.dll
0x00007ffaa1510000 - 0x00007ffaa151e000 	C:\WINDOWS\System32\winrnr.dll
0x00007ffac5820000 - 0x00007ffac583c000 	C:\WINDOWS\system32\NLAapi.dll
0x00007ffaa0370000 - 0x00007ffaa0385000 	C:\WINDOWS\system32\wshbth.dll
0x00007ffac1ac0000 - 0x00007ffac1acd000 	F:\Udacity\jdkinstalled\bin\sunmscapi.dll
0x00007ffac7ab0000 - 0x00007ffac7bf9000 	C:\WINDOWS\System32\CRYPT32.dll
0x00007ffac79c0000 - 0x00007ffac79d2000 	C:\WINDOWS\System32\MSASN1.dll
0x00007ffac7460000 - 0x00007ffac7486000 	C:\WINDOWS\SYSTEM32\ncrypt.dll
0x00007ffac7420000 - 0x00007ffac745b000 	C:\WINDOWS\SYSTEM32\NTASN1.dll

dbghelp: loaded successfully - version: 4.0.5 - missing functions: none
symbol engine: initialized successfully - sym options: 0x614 - pdb path: .;F:\Udacity\jdkinstalled\bin;C:\WINDOWS\SYSTEM32;C:\WINDOWS\WinSxS\amd64_microsoft.windows.common-controls_6595b64144ccf1df_6.0.18362.1256_none_9e7e379be45e40e2;F:\Udacity\jdkinstalled\bin\server;C:\Program Files\JetBrains\IntelliJ IDEA 2020.1\bin

VM Arguments:
jvm_args: -XX:TieredStopAtLevel=1 -Xverify:none -Dspring.output.ansi.enabled=always -Dcom.sun.management.jmxremote -Dspring.jmx.enabled=true -Dspring.liveBeansView.mbeanDomain -Dspring.application.admin.enabled=true -javaagent:C:\Program Files\JetBrains\IntelliJ IDEA 2020.1\lib\idea_rt.jar=63023:C:\Program Files\JetBrains\IntelliJ IDEA 2020.1\bin -Dfile.encoding=UTF-8 
java_command: com.udacity.jwdnd.course1.cloudstorage.CloudStorageApplication
java_class_path (initial): F:\Udacity\project\nd035-c1-spring-boot-basics-project-starter\starter\cloudstorage\target\classes;C:\Users\mojtaba\.m2\repository\org\springframework\boot\spring-boot-starter-security\2.2.4.RELEASE\spring-boot-starter-security-2.2.4.RELEASE.jar;C:\Users\mojtaba\.m2\repository\org\springframework\boot\spring-boot-starter\2.2.4.RELEASE\spring-boot-starter-2.2.4.RELEASE.jar;C:\Users\mojtaba\.m2\repository\org\springframework\boot\spring-boot-starter-logging\2.2.4.RELEASE\spring-boot-starter-logging-2.2.4.RELEASE.jar;C:\Users\mojtaba\.m2\repository\ch\qos\logback\logback-classic\1.2.3\logback-classic-1.2.3.jar;C:\Users\mojtaba\.m2\repository\ch\qos\logback\logback-core\1.2.3\logback-core-1.2.3.jar;C:\Users\mojtaba\.m2\repository\org\apache\logging\log4j\log4j-to-slf4j\2.12.1\log4j-to-slf4j-2.12.1.jar;C:\Users\mojtaba\.m2\repository\org\apache\logging\log4j\log4j-api\2.12.1\log4j-api-2.12.1.jar;C:\Users\mojtaba\.m2\repository\org\slf4j\jul-to-slf4j\1.7.30\jul-to-slf4j-1.7.30.jar;C:\Users\mojtaba\.m2\repository\jakarta\annotation\jakarta.annotation-api\1.3.5\jakarta.annotation-api-1.3.5.jar;C:\Users\mojtaba\.m2\repository\org\yaml\snakeyaml\1.25\snakeyaml-1.25.jar;C:\Users\mojtaba\.m2\repository\org\springframework\spring-aop\5.2.3.RELEASE\spring-aop-5.2.3.RELEASE.jar;C:\Users\mojtaba\.m2\repository\org\springframework\spring-beans\5.2.3.RELEASE\spring-beans-5.2.3.RELEASE.jar;C:\Users\mojtaba\.m2\repository\org\springframework\security\spring-security-config\5.2.1.RELEASE\spring-security-config-5.2.1.RELEASE.jar;C:\Users\mojtaba\.m2\repository\org\springframework\spring-context\5.2.3.RELEASE\spring-context-5.2.3.RELEASE.jar;C:\Users\mojtaba\.m2\repository\org\springframework\security\spring-security-web\5.2.1.RELEASE\spring-security-web-5.2.1.RELEASE.jar;C:\Users\mojtaba\.m2\repository\org\springframework\spring-expression\5.2.3.RELEASE\spring-expression-5.2.3.RELEASE.jar;C:\Users\mojtaba\.m2\repository\org\springframework\boot\spring-boot-st
Launcher Type: SUN_STANDARD

[Global flags]
     intx CICompilerCount                          = 4                                         {product} {ergonomic}
     uint ConcGCThreads                            = 2                                         {product} {ergonomic}
     uint G1ConcRefinementThreads                  = 8                                         {product} {ergonomic}
   size_t G1HeapRegionSize                         = 2097152                                   {product} {ergonomic}
    uintx GCDrainStackTargetSize                   = 64                                        {product} {ergonomic}
   size_t InitialHeapSize                          = 201326592                                 {product} {ergonomic}
     bool ManagementServer                         = true                                      {product} {command line}
   size_t MarkStackSize                            = 4194304                                   {product} {ergonomic}
   size_t MaxHeapSize                              = 3217031168                                {product} {ergonomic}
   size_t MaxNewSize                               = 1929379840                                {product} {ergonomic}
   size_t MinHeapDeltaBytes                        = 2097152                                   {product} {ergonomic}
   size_t MinHeapSize                              = 8388608                                   {product} {ergonomic}
    uintx NonNMethodCodeHeapSize                   = 7549744                                {pd product} {ergonomic}
    uintx NonProfiledCodeHeapSize                  = 244108496                              {pd product} {ergonomic}
    uintx ProfiledCodeHeapSize                     = 0                                      {pd product} {ergonomic}
    uintx ReservedCodeCacheSize                    = 251658240                              {pd product} {ergonomic}
     bool SegmentedCodeCache                       = true                                      {product} {ergonomic}
   size_t SoftMaxHeapSize                          = 3217031168                             {manageable} {ergonomic}
     intx TieredStopAtLevel                        = 1                                         {product} {command line}
     bool UseCompressedClassPointers               = true                                 {lp64_product} {ergonomic}
     bool UseCompressedOops                        = true                                 {lp64_product} {ergonomic}
     bool UseG1GC                                  = true                                      {product} {ergonomic}
     bool UseLargePagesIndividualAllocation        = false                                  {pd product} {ergonomic}

Logging:
Log output configuration:
 #0: stdout all=warning uptime,level,tags
 #1: stderr all=off uptime,level,tags

Environment Variables:
PATH=C:\Program Files\Common Files\Oracle\Java\javapath;C:\Python39\Scripts\;C:\Python39\;C:\WINDOWS\system32;C:\WINDOWS;C:\WINDOWS\System32\Wbem;C:\WINDOWS\System32\WindowsPowerShell\v1.0\;C:\WINDOWS\System32\OpenSSH\;c:\PHP;C:\Program Files\dotnet\;C:\Program Files\Microsoft SQL Server\130\Tools\Binn\;C:\Program Files\PuTTY\;C:\Program Files\nodejs\;C:\ProgramData\chocolatey\bin;C:\Program Files\Git\cmd;C:\Users\mojtaba\AppData\Local\Mozilla Firefox;;C:\Program Files\Docker\Docker\resources\bin;C:\ProgramData\DockerDesktop\version-bin;C:\Program Files\MySQL\MySQL Shell 8.0\bin\;C:\Users\mojtaba\AppData\Local\Programs\Python\Python38-32\Scripts\;C:\Users\mojtaba\AppData\Local\Programs\Python\Python38-32\;C:\Users\mojtaba\AppData\Local\Microsoft\WindowsApps;C:\Users\mojtaba\AppData\Roaming\npm;C:\Users\mojtaba\AppData\Roaming\Python\Python39\Scripts;C:\Program Files\JetBrains\IntelliJ IDEA 2020.2.3\bin;;C:\Users\mojtaba\AppData\Local\Mozilla Firefox;
USERNAME=mojtaba
OS=Windows_NT
PROCESSOR_IDENTIFIER=Intel64 Family 6 Model 42 Stepping 7, GenuineIntel



---------------  S Y S T E M  ---------------

OS:
 Windows 10 , 64 bit Build 18362 (10.0.18362.1110)
OS uptime: 3 days 2:15 hours

CPU: total 8 (initial active 8) (4 cores per cpu, 2 threads per core) family 6 model 42 stepping 7 microcode 0x2e, cmov, cx8, fxsr, mmx, sse, sse2, sse3, ssse3, sse4.1, sse4.2, popcnt, vzeroupper, avx, aes, clmul, ht, tsc, tscinvbit, clflush

Memory: 4k page, system-wide physical 12265M (5189M free)
TotalPageFile size 17129M (AvailPageFile size 4461M)
current process WorkingSet (physical memory assigned to process): 161M, peak: 161M
current process commit charge ("private bytes"): 204M, peak: 313M

vm_info: Java HotSpot(TM) 64-Bit Server VM (15.0.1+9-18) for windows-amd64 JRE (15.0.1+9-18), built on Sep 15 2020 14:43:54 by "mach5one" with unknown MS VC++:1925

END.
